ERV14_YGL054C	chrVII_BY	100.000	417	0	0	1	417	401715	401299	0.0	771
ERV14_YGL054C	chrVII_CLIB219	99.760	417	1	0	1	417	399720	399304	0.0	765
ERV14_YGL054C	chrVII_CBS2888	99.760	417	1	0	1	417	434134	433718	0.0	765
ERV14_YGL054C	chrVII_YJM981	99.760	417	1	0	1	417	447037	446621	0.0	765
ERV14_YGL054C	chrVII_273614	99.760	417	1	0	1	417	401304	400888	0.0	765
ERV14_YGL054C	chrVII_PW5	99.760	417	1	0	1	417	397176	396760	0.0	765
ERV14_YGL054C	chrVII_Y10	99.760	417	1	0	1	417	403136	402720	0.0	765
ERV14_YGL054C	chrVII_I14	99.760	417	1	0	1	417	401334	400918	0.0	765
ERV14_YGL054C	chrVII_YPS1009	99.760	417	1	0	1	417	398041	397625	0.0	765
ERV14_YGL054C	chrVII_YJM454	99.760	417	1	0	1	417	407877	407461	0.0	765
ERV14_YGL054C	chrVII_YJM978	99.760	417	1	0	1	417	414697	414281	0.0	765
ERV14_YGL054C	chrVII_CLIB413	99.760	417	1	0	1	417	400949	400533	0.0	765
ERV14_YGL054C	chrVII_YJM145	99.760	417	1	0	1	417	397340	396924	0.0	765
ERV14_YGL054C	chrVII_YPS163	99.760	417	1	0	1	417	396146	395730	0.0	765
ERV14_YGL054C	chrVII_RM	99.760	417	1	0	1	417	413773	413357	0.0	765
ERV14_YGL054C	chrVII_M22	99.760	417	1	0	1	417	403865	403449	0.0	765
TYW3_YGL050W	chrVII_BY	100.000	822	0	0	1	822	406205	407026	0.0	1519
TYW3_YGL050W	chrVII_CLIB219	99.757	822	2	0	1	822	409205	410026	0.0	1507
TYW3_YGL050W	chrVII_CBS2888	99.757	822	2	0	1	822	448155	448976	0.0	1507
TYW3_YGL050W	chrVII_YJM978	99.757	822	2	0	1	822	421928	422749	0.0	1507
TYW3_YGL050W	chrVII_YJM981	99.635	822	3	0	1	822	448529	449350	0.0	1502
TYW3_YGL050W	chrVII_Y10	99.635	822	3	0	1	822	406713	407534	0.0	1502
TYW3_YGL050W	chrVII_I14	99.635	822	3	0	1	822	410830	411651	0.0	1502
TYW3_YGL050W	chrVII_YJM454	99.635	822	3	0	1	822	417374	418195	0.0	1502
TYW3_YGL050W	chrVII_CLIB413	99.635	822	3	0	1	822	402778	403599	0.0	1502
TYW3_YGL050W	chrVII_YJM145	99.635	822	3	0	1	822	405100	405921	0.0	1502
TYW3_YGL050W	chrVII_YPS163	99.635	822	3	0	1	822	399723	400544	0.0	1502
TYW3_YGL050W	chrVII_RM	99.635	822	3	0	1	822	421229	422050	0.0	1502
TYW3_YGL050W	chrVII_M22	99.635	822	3	0	1	822	405357	406178	0.0	1502
TYW3_YGL050W	chrVII_273614	99.513	822	4	0	1	822	402795	403616	0.0	1496
TYW3_YGL050W	chrVII_YPS1009	99.513	822	4	0	1	822	401225	402046	0.0	1496
TYW3_YGL050W	chrVII_PW5	99.392	822	5	0	1	822	398481	399302	0.0	1491
