chrI_273614:168012-170105_465..1148(+)	REF_PRM9	98.099	684	13	0	1	684	1	684	0.0	1192
chrI_273614:168012-170105_465..1148(+)	DFP19	87.234	329	38	2	312	636	290	618	9.12e-106	372
chrI_273614:168012-170105_465..1148(+)	REF_PRM8	78.958	518	88	18	1	506	1	509	4.30e-94	333
chrI_273614:168012-170105_465..1148(+)	DFP22	95.489	133	6	0	1	133	1	133	5.85e-58	213
chrI_273614:168012-170105_465..1148(+)	REF_MST28	87.121	132	17	0	1	132	1	132	4.65e-39	150
chrI_273614:168012-170113_465..1148(+)	REF_PRM9	98.099	684	13	0	1	684	1	684	0.0	1192
chrI_273614:168012-170113_465..1148(+)	DFP19	87.234	329	38	2	312	636	290	618	9.12e-106	372
chrI_273614:168012-170113_465..1148(+)	REF_PRM8	78.958	518	88	18	1	506	1	509	4.30e-94	333
chrI_273614:168012-170113_465..1148(+)	DFP22	95.489	133	6	0	1	133	1	133	5.85e-58	213
chrI_273614:168012-170113_465..1148(+)	REF_MST28	87.121	132	17	0	1	132	1	132	4.65e-39	150
chrI_273614:168058-170113_419..1102(+)	REF_PRM9	98.099	684	13	0	1	684	1	684	0.0	1192
chrI_273614:168058-170113_419..1102(+)	DFP19	87.234	329	38	2	312	636	290	618	9.12e-106	372
chrI_273614:168058-170113_419..1102(+)	REF_PRM8	78.958	518	88	18	1	506	1	509	4.30e-94	333
chrI_273614:168058-170113_419..1102(+)	DFP22	95.489	133	6	0	1	133	1	133	5.85e-58	213
chrI_273614:168058-170113_419..1102(+)	REF_MST28	87.121	132	17	0	1	132	1	132	4.65e-39	150
chrI_273614:168080-170159_397..1080(+)	REF_PRM9	98.099	684	13	0	1	684	1	684	0.0	1192
chrI_273614:168080-170159_397..1080(+)	DFP19	87.234	329	38	2	312	636	290	618	9.12e-106	372
chrI_273614:168080-170159_397..1080(+)	REF_PRM8	78.958	518	88	18	1	506	1	509	4.30e-94	333
chrI_273614:168080-170159_397..1080(+)	DFP22	95.489	133	6	0	1	133	1	133	5.85e-58	213
chrI_273614:168080-170159_397..1080(+)	REF_MST28	87.121	132	17	0	1	132	1	132	4.65e-39	150
chrI_273614:168081-170126_396..1079(+)	REF_PRM9	98.099	684	13	0	1	684	1	684	0.0	1192
chrI_273614:168081-170126_396..1079(+)	DFP19	87.234	329	38	2	312	636	290	618	9.12e-106	372
chrI_273614:168081-170126_396..1079(+)	REF_PRM8	78.958	518	88	18	1	506	1	509	4.30e-94	333
chrI_273614:168081-170126_396..1079(+)	DFP22	95.489	133	6	0	1	133	1	133	5.85e-58	213
chrI_273614:168081-170126_396..1079(+)	REF_MST28	87.121	132	17	0	1	132	1	132	4.65e-39	150
chrI_CLIB219:174731-176870_954..1619(+)	DFP19	100.000	666	0	0	1	666	1	666	0.0	1230
chrI_CLIB219:174731-176870_954..1619(+)	DFP23	82.158	241	43	0	285	525	309	549	2.65e-56	207
chrI_CLIB219:174731-176870_954..1619(+)	DFP17	81.743	241	44	0	285	525	306	546	1.23e-54	202
chrI_CLIB219:174731-176870_954..1619(+)	DFP16	81.743	241	44	0	285	525	309	549	1.23e-54	202
chrI_CLIB219:174734-176875_951..1616(+)	DFP19	100.000	666	0	0	1	666	1	666	0.0	1230
chrI_CLIB219:174734-176875_951..1616(+)	DFP23	82.158	241	43	0	285	525	309	549	2.65e-56	207
chrI_CLIB219:174734-176875_951..1616(+)	DFP17	81.743	241	44	0	285	525	306	546	1.23e-54	202
chrI_CLIB219:174734-176875_951..1616(+)	DFP16	81.743	241	44	0	285	525	309	549	1.23e-54	202
chrI_CLIB219:174737-176810_948..1613(+)	DFP19	100.000	666	0	0	1	666	1	666	0.0	1230
chrI_CLIB219:174737-176810_948..1613(+)	DFP23	82.158	241	43	0	285	525	309	549	2.65e-56	207
chrI_CLIB219:174737-176810_948..1613(+)	DFP17	81.743	241	44	0	285	525	306	546	1.23e-54	202
chrI_CLIB219:174737-176810_948..1613(+)	DFP16	81.743	241	44	0	285	525	309	549	1.23e-54	202
chrI_CLIB219:174737-176818_948..1613(+)	DFP19	100.000	666	0	0	1	666	1	666	0.0	1230
chrI_CLIB219:174737-176818_948..1613(+)	DFP23	82.158	241	43	0	285	525	309	549	2.65e-56	207
chrI_CLIB219:174737-176818_948..1613(+)	DFP17	81.743	241	44	0	285	525	306	546	1.23e-54	202
chrI_CLIB219:174737-176818_948..1613(+)	DFP16	81.743	241	44	0	285	525	309	549	1.23e-54	202
chrI_CLIB219:174737-176823_948..1613(+)	DFP19	100.000	666	0	0	1	666	1	666	0.0	1230
chrI_CLIB219:174737-176823_948..1613(+)	DFP23	82.158	241	43	0	285	525	309	549	2.65e-56	207
chrI_CLIB219:174737-176823_948..1613(+)	DFP17	81.743	241	44	0	285	525	306	546	1.23e-54	202
chrI_CLIB219:174737-176823_948..1613(+)	DFP16	81.743	241	44	0	285	525	309	549	1.23e-54	202
chrI_CLIB219:174737-176870_948..1613(+)	DFP19	100.000	666	0	0	1	666	1	666	0.0	1230
chrI_CLIB219:174737-176870_948..1613(+)	DFP23	82.158	241	43	0	285	525	309	549	2.65e-56	207
chrI_CLIB219:174737-176870_948..1613(+)	DFP17	81.743	241	44	0	285	525	306	546	1.23e-54	202
chrI_CLIB219:174737-176870_948..1613(+)	DFP16	81.743	241	44	0	285	525	309	549	1.23e-54	202
chrI_CLIB219:174737-176875_948..1613(+)	DFP19	100.000	666	0	0	1	666	1	666	0.0	1230
chrI_CLIB219:174737-176875_948..1613(+)	DFP23	82.158	241	43	0	285	525	309	549	2.65e-56	207
chrI_CLIB219:174737-176875_948..1613(+)	DFP17	81.743	241	44	0	285	525	306	546	1.23e-54	202
chrI_CLIB219:174737-176875_948..1613(+)	DFP16	81.743	241	44	0	285	525	309	549	1.23e-54	202
chrI_CLIB219:174737-177107_948..1613(+)	DFP19	100.000	666	0	0	1	666	1	666	0.0	1230
chrI_CLIB219:174737-177107_948..1613(+)	DFP23	82.158	241	43	0	285	525	309	549	2.65e-56	207
chrI_CLIB219:174737-177107_948..1613(+)	DFP17	81.743	241	44	0	285	525	306	546	1.23e-54	202
chrI_CLIB219:174737-177107_948..1613(+)	DFP16	81.743	241	44	0	285	525	309	549	1.23e-54	202
chrI_CLIB219:174738-176802_947..1612(+)	DFP19	100.000	666	0	0	1	666	1	666	0.0	1230
chrI_CLIB219:174738-176802_947..1612(+)	DFP23	82.158	241	43	0	285	525	309	549	2.65e-56	207
chrI_CLIB219:174738-176802_947..1612(+)	DFP17	81.743	241	44	0	285	525	306	546	1.23e-54	202
chrI_CLIB219:174738-176802_947..1612(+)	DFP16	81.743	241	44	0	285	525	309	549	1.23e-54	202
chrI_CLIB219:174960-177195_725..1390(+)	DFP19	100.000	666	0	0	1	666	1	666	0.0	1230
chrI_CLIB219:174960-177195_725..1390(+)	DFP23	82.158	241	43	0	285	525	309	549	2.65e-56	207
chrI_CLIB219:174960-177195_725..1390(+)	DFP17	81.743	241	44	0	285	525	306	546	1.23e-54	202
chrI_CLIB219:174960-177195_725..1390(+)	DFP16	81.743	241	44	0	285	525	309	549	1.23e-54	202
chrI_CLIB219:174965-177126_720..1385(+)	DFP19	100.000	666	0	0	1	666	1	666	0.0	1230
chrI_CLIB219:174965-177126_720..1385(+)	DFP23	82.158	241	43	0	285	525	309	549	2.65e-56	207
chrI_CLIB219:174965-177126_720..1385(+)	DFP17	81.743	241	44	0	285	525	306	546	1.23e-54	202
chrI_CLIB219:174965-177126_720..1385(+)	DFP16	81.743	241	44	0	285	525	309	549	1.23e-54	202
chrI_CLIB219:174968-177154_717..1382(+)	DFP19	100.000	666	0	0	1	666	1	666	0.0	1230
chrI_CLIB219:174968-177154_717..1382(+)	DFP23	82.158	241	43	0	285	525	309	549	2.65e-56	207
chrI_CLIB219:174968-177154_717..1382(+)	DFP17	81.743	241	44	0	285	525	306	546	1.23e-54	202
chrI_CLIB219:174968-177154_717..1382(+)	DFP16	81.743	241	44	0	285	525	309	549	1.23e-54	202
chrI_CLIB219:174968-177172_717..1382(+)	DFP19	100.000	666	0	0	1	666	1	666	0.0	1230
chrI_CLIB219:174968-177172_717..1382(+)	DFP23	82.158	241	43	0	285	525	309	549	2.65e-56	207
chrI_CLIB219:174968-177172_717..1382(+)	DFP17	81.743	241	44	0	285	525	306	546	1.23e-54	202
chrI_CLIB219:174968-177172_717..1382(+)	DFP16	81.743	241	44	0	285	525	309	549	1.23e-54	202
chrI_CLIB219:174968-177208_717..1382(+)	DFP19	100.000	666	0	0	1	666	1	666	0.0	1230
chrI_CLIB219:174968-177208_717..1382(+)	DFP23	82.158	241	43	0	285	525	309	549	2.65e-56	207
chrI_CLIB219:174968-177208_717..1382(+)	DFP17	81.743	241	44	0	285	525	306	546	1.23e-54	202
chrI_CLIB219:174968-177208_717..1382(+)	DFP16	81.743	241	44	0	285	525	309	549	1.23e-54	202
chrI_CLIB219:174971-177208_714..1379(+)	DFP19	100.000	666	0	0	1	666	1	666	0.0	1230
chrI_CLIB219:174971-177208_714..1379(+)	DFP23	82.158	241	43	0	285	525	309	549	2.65e-56	207
chrI_CLIB219:174971-177208_714..1379(+)	DFP17	81.743	241	44	0	285	525	306	546	1.23e-54	202
chrI_CLIB219:174971-177208_714..1379(+)	DFP16	81.743	241	44	0	285	525	309	549	1.23e-54	202
chrI_CLIB219:174972-177026_713..1378(+)	DFP19	100.000	666	0	0	1	666	1	666	0.0	1230
chrI_CLIB219:174972-177026_713..1378(+)	DFP23	82.158	241	43	0	285	525	309	549	2.65e-56	207
chrI_CLIB219:174972-177026_713..1378(+)	DFP17	81.743	241	44	0	285	525	306	546	1.23e-54	202
chrI_CLIB219:174972-177026_713..1378(+)	DFP16	81.743	241	44	0	285	525	309	549	1.23e-54	202
chrI_CLIB219:174972-177088_713..1378(+)	DFP19	100.000	666	0	0	1	666	1	666	0.0	1230
chrI_CLIB219:174972-177088_713..1378(+)	DFP23	82.158	241	43	0	285	525	309	549	2.65e-56	207
chrI_CLIB219:174972-177088_713..1378(+)	DFP17	81.743	241	44	0	285	525	306	546	1.23e-54	202
chrI_CLIB219:174972-177088_713..1378(+)	DFP16	81.743	241	44	0	285	525	309	549	1.23e-54	202
chrI_CLIB219:174972-177126_713..1378(+)	DFP19	100.000	666	0	0	1	666	1	666	0.0	1230
chrI_CLIB219:174972-177126_713..1378(+)	DFP23	82.158	241	43	0	285	525	309	549	2.65e-56	207
chrI_CLIB219:174972-177126_713..1378(+)	DFP17	81.743	241	44	0	285	525	306	546	1.23e-54	202
chrI_CLIB219:174972-177126_713..1378(+)	DFP16	81.743	241	44	0	285	525	309	549	1.23e-54	202
chrI_CLIB219:174973-177208_712..1377(+)	DFP19	100.000	666	0	0	1	666	1	666	0.0	1230
chrI_CLIB219:174973-177208_712..1377(+)	DFP23	82.158	241	43	0	285	525	309	549	2.65e-56	207
chrI_CLIB219:174973-177208_712..1377(+)	DFP17	81.743	241	44	0	285	525	306	546	1.23e-54	202
chrI_CLIB219:174973-177208_712..1377(+)	DFP16	81.743	241	44	0	285	525	309	549	1.23e-54	202
chrI_CLIB219:174974-177108_711..1376(+)	DFP19	100.000	666	0	0	1	666	1	666	0.0	1230
chrI_CLIB219:174974-177108_711..1376(+)	DFP23	82.158	241	43	0	285	525	309	549	2.65e-56	207
chrI_CLIB219:174974-177108_711..1376(+)	DFP17	81.743	241	44	0	285	525	306	546	1.23e-54	202
chrI_CLIB219:174974-177108_711..1376(+)	DFP16	81.743	241	44	0	285	525	309	549	1.23e-54	202
chrI_CLIB219:174985-177152_700..1365(+)	DFP19	100.000	666	0	0	1	666	1	666	0.0	1230
chrI_CLIB219:174985-177152_700..1365(+)	DFP23	82.158	241	43	0	285	525	309	549	2.65e-56	207
chrI_CLIB219:174985-177152_700..1365(+)	DFP17	81.743	241	44	0	285	525	306	546	1.23e-54	202
chrI_CLIB219:174985-177152_700..1365(+)	DFP16	81.743	241	44	0	285	525	309	549	1.23e-54	202
chrI_CLIB219:175026-177107_659..1324(+)	DFP19	100.000	666	0	0	1	666	1	666	0.0	1230
chrI_CLIB219:175026-177107_659..1324(+)	DFP23	82.158	241	43	0	285	525	309	549	2.65e-56	207
chrI_CLIB219:175026-177107_659..1324(+)	DFP17	81.743	241	44	0	285	525	306	546	1.23e-54	202
chrI_CLIB219:175026-177107_659..1324(+)	DFP16	81.743	241	44	0	285	525	309	549	1.23e-54	202
chrI_CLIB219:175069-177170_616..1281(+)	DFP19	100.000	666	0	0	1	666	1	666	0.0	1230
chrI_CLIB219:175069-177170_616..1281(+)	DFP23	82.158	241	43	0	285	525	309	549	2.65e-56	207
chrI_CLIB219:175069-177170_616..1281(+)	DFP17	81.743	241	44	0	285	525	306	546	1.23e-54	202
chrI_CLIB219:175069-177170_616..1281(+)	DFP16	81.743	241	44	0	285	525	309	549	1.23e-54	202
chrI_CLIB219:175222-177318_463..1128(+)	DFP19	100.000	666	0	0	1	666	1	666	0.0	1230
chrI_CLIB219:175222-177318_463..1128(+)	DFP23	82.158	241	43	0	285	525	309	549	2.65e-56	207
chrI_CLIB219:175222-177318_463..1128(+)	DFP17	81.743	241	44	0	285	525	306	546	1.23e-54	202
chrI_CLIB219:175222-177318_463..1128(+)	DFP16	81.743	241	44	0	285	525	309	549	1.23e-54	202
chrI_CLIB219:175222-177320_463..1128(+)	DFP19	100.000	666	0	0	1	666	1	666	0.0	1230
chrI_CLIB219:175222-177320_463..1128(+)	DFP23	82.158	241	43	0	285	525	309	549	2.65e-56	207
chrI_CLIB219:175222-177320_463..1128(+)	DFP17	81.743	241	44	0	285	525	306	546	1.23e-54	202
chrI_CLIB219:175222-177320_463..1128(+)	DFP16	81.743	241	44	0	285	525	309	549	1.23e-54	202
chrI_CLIB219:175223-177315_462..1127(+)	DFP19	100.000	666	0	0	1	666	1	666	0.0	1230
chrI_CLIB219:175223-177315_462..1127(+)	DFP23	82.158	241	43	0	285	525	309	549	2.65e-56	207
chrI_CLIB219:175223-177315_462..1127(+)	DFP17	81.743	241	44	0	285	525	306	546	1.23e-54	202
chrI_CLIB219:175223-177315_462..1127(+)	DFP16	81.743	241	44	0	285	525	309	549	1.23e-54	202
chrI_CLIB219:175223-177318_462..1127(+)	DFP19	100.000	666	0	0	1	666	1	666	0.0	1230
chrI_CLIB219:175223-177318_462..1127(+)	DFP23	82.158	241	43	0	285	525	309	549	2.65e-56	207
chrI_CLIB219:175223-177318_462..1127(+)	DFP17	81.743	241	44	0	285	525	306	546	1.23e-54	202
chrI_CLIB219:175223-177318_462..1127(+)	DFP16	81.743	241	44	0	285	525	309	549	1.23e-54	202
chrI_CLIB219:175270-177306_415..1080(+)	DFP19	100.000	666	0	0	1	666	1	666	0.0	1230
chrI_CLIB219:175270-177306_415..1080(+)	DFP23	82.158	241	43	0	285	525	309	549	2.65e-56	207
chrI_CLIB219:175270-177306_415..1080(+)	DFP17	81.743	241	44	0	285	525	306	546	1.23e-54	202
chrI_CLIB219:175270-177306_415..1080(+)	DFP16	81.743	241	44	0	285	525	309	549	1.23e-54	202
chrI_CLIB219:175271-177300_414..1079(+)	DFP19	100.000	666	0	0	1	666	1	666	0.0	1230
chrI_CLIB219:175271-177300_414..1079(+)	DFP23	82.158	241	43	0	285	525	309	549	2.65e-56	207
chrI_CLIB219:175271-177300_414..1079(+)	DFP17	81.743	241	44	0	285	525	306	546	1.23e-54	202
chrI_CLIB219:175271-177300_414..1079(+)	DFP16	81.743	241	44	0	285	525	309	549	1.23e-54	202
chrI_CLIB219:175271-177314_414..1079(+)	DFP19	100.000	666	0	0	1	666	1	666	0.0	1230
chrI_CLIB219:175271-177314_414..1079(+)	DFP23	82.158	241	43	0	285	525	309	549	2.65e-56	207
chrI_CLIB219:175271-177314_414..1079(+)	DFP17	81.743	241	44	0	285	525	306	546	1.23e-54	202
chrI_CLIB219:175271-177314_414..1079(+)	DFP16	81.743	241	44	0	285	525	309	549	1.23e-54	202
chrI_CLIB219:175271-177320_414..1079(+)	DFP19	100.000	666	0	0	1	666	1	666	0.0	1230
chrI_CLIB219:175271-177320_414..1079(+)	DFP23	82.158	241	43	0	285	525	309	549	2.65e-56	207
chrI_CLIB219:175271-177320_414..1079(+)	DFP17	81.743	241	44	0	285	525	306	546	1.23e-54	202
chrI_CLIB219:175271-177320_414..1079(+)	DFP16	81.743	241	44	0	285	525	309	549	1.23e-54	202
chrI_CLIB219:178018-180138_991..1677(+)	REF_PRM8	93.320	509	34	0	1	509	1	509	0.0	752
chrI_CLIB219:178018-180138_991..1677(+)	REF_PRM9	94.920	374	18	1	314	687	312	684	1.08e-169	584
chrI_CLIB219:178018-180138_991..1677(+)	REF_PRM9	98.496	133	2	0	1	133	1	133	1.25e-64	235
chrI_CLIB219:178018-180138_991..1677(+)	DFP19	83.735	332	49	3	312	639	288	618	7.29e-87	309
chrI_CLIB219:178018-180138_991..1677(+)	DFP22	78.769	471	86	12	1	467	1	461	3.39e-85	303
chrI_CLIB219:178018-180138_991..1677(+)	REF_MST28	77.822	505	92	16	1	495	1	495	2.04e-82	294
chrI_CLIB219:178056-180119_953..1639(+)	REF_PRM8	93.320	509	34	0	1	509	1	509	0.0	752
chrI_CLIB219:178056-180119_953..1639(+)	REF_PRM9	94.920	374	18	1	314	687	312	684	1.08e-169	584
chrI_CLIB219:178056-180119_953..1639(+)	REF_PRM9	98.496	133	2	0	1	133	1	133	1.25e-64	235
chrI_CLIB219:178056-180119_953..1639(+)	DFP19	83.735	332	49	3	312	639	288	618	7.29e-87	309
chrI_CLIB219:178056-180119_953..1639(+)	DFP22	78.769	471	86	12	1	467	1	461	3.39e-85	303
chrI_CLIB219:178056-180119_953..1639(+)	REF_MST28	77.822	505	92	16	1	495	1	495	2.04e-82	294
chrI_CLIB219:178056-180128_953..1639(+)	REF_PRM8	93.320	509	34	0	1	509	1	509	0.0	752
chrI_CLIB219:178056-180128_953..1639(+)	REF_PRM9	94.920	374	18	1	314	687	312	684	1.08e-169	584
chrI_CLIB219:178056-180128_953..1639(+)	REF_PRM9	98.496	133	2	0	1	133	1	133	1.25e-64	235
chrI_CLIB219:178056-180128_953..1639(+)	DFP19	83.735	332	49	3	312	639	288	618	7.29e-87	309
chrI_CLIB219:178056-180128_953..1639(+)	DFP22	78.769	471	86	12	1	467	1	461	3.39e-85	303
chrI_CLIB219:178056-180128_953..1639(+)	REF_MST28	77.822	505	92	16	1	495	1	495	2.04e-82	294
chrI_CLIB219:178063-180156_946..1632(+)	REF_PRM8	93.320	509	34	0	1	509	1	509	0.0	752
chrI_CLIB219:178063-180156_946..1632(+)	REF_PRM9	94.920	374	18	1	314	687	312	684	1.08e-169	584
chrI_CLIB219:178063-180156_946..1632(+)	REF_PRM9	98.496	133	2	0	1	133	1	133	1.25e-64	235
chrI_CLIB219:178063-180156_946..1632(+)	DFP19	83.735	332	49	3	312	639	288	618	7.29e-87	309
chrI_CLIB219:178063-180156_946..1632(+)	DFP22	78.769	471	86	12	1	467	1	461	3.39e-85	303
chrI_CLIB219:178063-180156_946..1632(+)	REF_MST28	77.822	505	92	16	1	495	1	495	2.04e-82	294
chrI_CLIB219:178308-180533_701..1387(+)	REF_PRM8	93.320	509	34	0	1	509	1	509	0.0	752
chrI_CLIB219:178308-180533_701..1387(+)	REF_PRM9	94.920	374	18	1	314	687	312	684	1.08e-169	584
chrI_CLIB219:178308-180533_701..1387(+)	REF_PRM9	98.496	133	2	0	1	133	1	133	1.25e-64	235
chrI_CLIB219:178308-180533_701..1387(+)	DFP19	83.735	332	49	3	312	639	288	618	7.29e-87	309
chrI_CLIB219:178308-180533_701..1387(+)	DFP22	78.769	471	86	12	1	467	1	461	3.39e-85	303
chrI_CLIB219:178308-180533_701..1387(+)	REF_MST28	77.822	505	92	16	1	495	1	495	2.04e-82	294
chrI_CLIB219:178314-180456_695..1381(+)	REF_PRM8	93.320	509	34	0	1	509	1	509	0.0	752
chrI_CLIB219:178314-180456_695..1381(+)	REF_PRM9	94.920	374	18	1	314	687	312	684	1.08e-169	584
chrI_CLIB219:178314-180456_695..1381(+)	REF_PRM9	98.496	133	2	0	1	133	1	133	1.25e-64	235
chrI_CLIB219:178314-180456_695..1381(+)	DFP19	83.735	332	49	3	312	639	288	618	7.29e-87	309
chrI_CLIB219:178314-180456_695..1381(+)	DFP22	78.769	471	86	12	1	467	1	461	3.39e-85	303
chrI_CLIB219:178314-180456_695..1381(+)	REF_MST28	77.822	505	92	16	1	495	1	495	2.04e-82	294
chrI_CLIB219:178315-180516_694..1380(+)	REF_PRM8	93.320	509	34	0	1	509	1	509	0.0	752
chrI_CLIB219:178315-180516_694..1380(+)	REF_PRM9	94.920	374	18	1	314	687	312	684	1.08e-169	584
chrI_CLIB219:178315-180516_694..1380(+)	REF_PRM9	98.496	133	2	0	1	133	1	133	1.25e-64	235
chrI_CLIB219:178315-180516_694..1380(+)	DFP19	83.735	332	49	3	312	639	288	618	7.29e-87	309
chrI_CLIB219:178315-180516_694..1380(+)	DFP22	78.769	471	86	12	1	467	1	461	3.39e-85	303
chrI_CLIB219:178315-180516_694..1380(+)	REF_MST28	77.822	505	92	16	1	495	1	495	2.04e-82	294
chrI_CLIB219:178321-180516_688..1374(+)	REF_PRM8	93.320	509	34	0	1	509	1	509	0.0	752
chrI_CLIB219:178321-180516_688..1374(+)	REF_PRM9	94.920	374	18	1	314	687	312	684	1.08e-169	584
chrI_CLIB219:178321-180516_688..1374(+)	REF_PRM9	98.496	133	2	0	1	133	1	133	1.25e-64	235
chrI_CLIB219:178321-180516_688..1374(+)	DFP19	83.735	332	49	3	312	639	288	618	7.29e-87	309
chrI_CLIB219:178321-180516_688..1374(+)	DFP22	78.769	471	86	12	1	467	1	461	3.39e-85	303
chrI_CLIB219:178321-180516_688..1374(+)	REF_MST28	77.822	505	92	16	1	495	1	495	2.04e-82	294
chrI_CLIB219:178322-180455_687..1373(+)	REF_PRM8	93.320	509	34	0	1	509	1	509	0.0	752
chrI_CLIB219:178322-180455_687..1373(+)	REF_PRM9	94.920	374	18	1	314	687	312	684	1.08e-169	584
chrI_CLIB219:178322-180455_687..1373(+)	REF_PRM9	98.496	133	2	0	1	133	1	133	1.25e-64	235
chrI_CLIB219:178322-180455_687..1373(+)	DFP19	83.735	332	49	3	312	639	288	618	7.29e-87	309
chrI_CLIB219:178322-180455_687..1373(+)	DFP22	78.769	471	86	12	1	467	1	461	3.39e-85	303
chrI_CLIB219:178322-180455_687..1373(+)	REF_MST28	77.822	505	92	16	1	495	1	495	2.04e-82	294
chrI_CLIB219:178333-180496_676..1362(+)	REF_PRM8	93.320	509	34	0	1	509	1	509	0.0	752
chrI_CLIB219:178333-180496_676..1362(+)	REF_PRM9	94.920	374	18	1	314	687	312	684	1.08e-169	584
chrI_CLIB219:178333-180496_676..1362(+)	REF_PRM9	98.496	133	2	0	1	133	1	133	1.25e-64	235
chrI_CLIB219:178333-180496_676..1362(+)	DFP19	83.735	332	49	3	312	639	288	618	7.29e-87	309
chrI_CLIB219:178333-180496_676..1362(+)	DFP22	78.769	471	86	12	1	467	1	461	3.39e-85	303
chrI_CLIB219:178333-180496_676..1362(+)	REF_MST28	77.822	505	92	16	1	495	1	495	2.04e-82	294
chrI_CLIB219:178344-180500_665..1351(+)	REF_PRM8	93.320	509	34	0	1	509	1	509	0.0	752
chrI_CLIB219:178344-180500_665..1351(+)	REF_PRM9	94.920	374	18	1	314	687	312	684	1.08e-169	584
chrI_CLIB219:178344-180500_665..1351(+)	REF_PRM9	98.496	133	2	0	1	133	1	133	1.25e-64	235
chrI_CLIB219:178344-180500_665..1351(+)	DFP19	83.735	332	49	3	312	639	288	618	7.29e-87	309
chrI_CLIB219:178344-180500_665..1351(+)	DFP22	78.769	471	86	12	1	467	1	461	3.39e-85	303
chrI_CLIB219:178344-180500_665..1351(+)	REF_MST28	77.822	505	92	16	1	495	1	495	2.04e-82	294
chrI_CLIB219:178344-180516_665..1351(+)	REF_PRM8	93.320	509	34	0	1	509	1	509	0.0	752
chrI_CLIB219:178344-180516_665..1351(+)	REF_PRM9	94.920	374	18	1	314	687	312	684	1.08e-169	584
chrI_CLIB219:178344-180516_665..1351(+)	REF_PRM9	98.496	133	2	0	1	133	1	133	1.25e-64	235
chrI_CLIB219:178344-180516_665..1351(+)	DFP19	83.735	332	49	3	312	639	288	618	7.29e-87	309
chrI_CLIB219:178344-180516_665..1351(+)	DFP22	78.769	471	86	12	1	467	1	461	3.39e-85	303
chrI_CLIB219:178344-180516_665..1351(+)	REF_MST28	77.822	505	92	16	1	495	1	495	2.04e-82	294
chrI_CLIB219:178350-180502_659..1345(+)	REF_PRM8	93.320	509	34	0	1	509	1	509	0.0	752
chrI_CLIB219:178350-180502_659..1345(+)	REF_PRM9	94.920	374	18	1	314	687	312	684	1.08e-169	584
chrI_CLIB219:178350-180502_659..1345(+)	REF_PRM9	98.496	133	2	0	1	133	1	133	1.25e-64	235
chrI_CLIB219:178350-180502_659..1345(+)	DFP19	83.735	332	49	3	312	639	288	618	7.29e-87	309
chrI_CLIB219:178350-180502_659..1345(+)	DFP22	78.769	471	86	12	1	467	1	461	3.39e-85	303
chrI_CLIB219:178350-180502_659..1345(+)	REF_MST28	77.822	505	92	16	1	495	1	495	2.04e-82	294
chrI_CLIB219:178432-180511_577..1263(+)	REF_PRM8	93.320	509	34	0	1	509	1	509	0.0	752
chrI_CLIB219:178432-180511_577..1263(+)	REF_PRM9	94.920	374	18	1	314	687	312	684	1.08e-169	584
chrI_CLIB219:178432-180511_577..1263(+)	REF_PRM9	98.496	133	2	0	1	133	1	133	1.25e-64	235
chrI_CLIB219:178432-180511_577..1263(+)	DFP19	83.735	332	49	3	312	639	288	618	7.29e-87	309
chrI_CLIB219:178432-180511_577..1263(+)	DFP22	78.769	471	86	12	1	467	1	461	3.39e-85	303
chrI_CLIB219:178432-180511_577..1263(+)	REF_MST28	77.822	505	92	16	1	495	1	495	2.04e-82	294
chrI_CLIB219:178547-180640_462..1148(+)	REF_PRM8	93.320	509	34	0	1	509	1	509	0.0	752
chrI_CLIB219:178547-180640_462..1148(+)	REF_PRM9	94.920	374	18	1	314	687	312	684	1.08e-169	584
chrI_CLIB219:178547-180640_462..1148(+)	REF_PRM9	98.496	133	2	0	1	133	1	133	1.25e-64	235
chrI_CLIB219:178547-180640_462..1148(+)	DFP19	83.735	332	49	3	312	639	288	618	7.29e-87	309
chrI_CLIB219:178547-180640_462..1148(+)	DFP22	78.769	471	86	12	1	467	1	461	3.39e-85	303
chrI_CLIB219:178547-180640_462..1148(+)	REF_MST28	77.822	505	92	16	1	495	1	495	2.04e-82	294
chrI_CLIB219:178547-180648_462..1148(+)	REF_PRM8	93.320	509	34	0	1	509	1	509	0.0	752
chrI_CLIB219:178547-180648_462..1148(+)	REF_PRM9	94.920	374	18	1	314	687	312	684	1.08e-169	584
chrI_CLIB219:178547-180648_462..1148(+)	REF_PRM9	98.496	133	2	0	1	133	1	133	1.25e-64	235
chrI_CLIB219:178547-180648_462..1148(+)	DFP19	83.735	332	49	3	312	639	288	618	7.29e-87	309
chrI_CLIB219:178547-180648_462..1148(+)	DFP22	78.769	471	86	12	1	467	1	461	3.39e-85	303
chrI_CLIB219:178547-180648_462..1148(+)	REF_MST28	77.822	505	92	16	1	495	1	495	2.04e-82	294
chrI_CLIB219:178570-180648_439..1125(+)	REF_PRM8	93.320	509	34	0	1	509	1	509	0.0	752
chrI_CLIB219:178570-180648_439..1125(+)	REF_PRM9	94.920	374	18	1	314	687	312	684	1.08e-169	584
chrI_CLIB219:178570-180648_439..1125(+)	REF_PRM9	98.496	133	2	0	1	133	1	133	1.25e-64	235
chrI_CLIB219:178570-180648_439..1125(+)	DFP19	83.735	332	49	3	312	639	288	618	7.29e-87	309
chrI_CLIB219:178570-180648_439..1125(+)	DFP22	78.769	471	86	12	1	467	1	461	3.39e-85	303
chrI_CLIB219:178570-180648_439..1125(+)	REF_MST28	77.822	505	92	16	1	495	1	495	2.04e-82	294
chrI_CLIB219:178615-180694_394..1080(+)	REF_PRM8	93.320	509	34	0	1	509	1	509	0.0	752
chrI_CLIB219:178615-180694_394..1080(+)	REF_PRM9	94.920	374	18	1	314	687	312	684	1.08e-169	584
chrI_CLIB219:178615-180694_394..1080(+)	REF_PRM9	98.496	133	2	0	1	133	1	133	1.25e-64	235
chrI_CLIB219:178615-180694_394..1080(+)	DFP19	83.735	332	49	3	312	639	288	618	7.29e-87	309
chrI_CLIB219:178615-180694_394..1080(+)	DFP22	78.769	471	86	12	1	467	1	461	3.39e-85	303
chrI_CLIB219:178615-180694_394..1080(+)	REF_MST28	77.822	505	92	16	1	495	1	495	2.04e-82	294
chrI_CLIB219:178616-180661_393..1079(+)	REF_PRM8	93.320	509	34	0	1	509	1	509	0.0	752
chrI_CLIB219:178616-180661_393..1079(+)	REF_PRM9	94.920	374	18	1	314	687	312	684	1.08e-169	584
chrI_CLIB219:178616-180661_393..1079(+)	REF_PRM9	98.496	133	2	0	1	133	1	133	1.25e-64	235
chrI_CLIB219:178616-180661_393..1079(+)	DFP19	83.735	332	49	3	312	639	288	618	7.29e-87	309
chrI_CLIB219:178616-180661_393..1079(+)	DFP22	78.769	471	86	12	1	467	1	461	3.39e-85	303
chrI_CLIB219:178616-180661_393..1079(+)	REF_MST28	77.822	505	92	16	1	495	1	495	2.04e-82	294
chrI_CLIB413:181599-183705_899..1690(+)	REF_PRM8	88.151	557	66	0	103	659	1	557	0.0	664
chrI_CLIB413:181599-183705_899..1690(+)	REF_PRM9	91.029	379	26	6	416	792	312	684	1.00e-145	505
chrI_CLIB413:181599-183705_899..1690(+)	REF_PRM9	89.474	133	14	0	103	235	1	133	1.49e-44	169
chrI_CLIB413:181599-183705_899..1690(+)	REF_MST28	80.306	523	83	16	103	615	1	513	2.28e-107	377
chrI_CLIB413:181599-183705_899..1690(+)	DFP25	87.500	120	15	0	103	222	1	120	1.17e-35	139
chrI_CLIB413:181599-183710_899..1690(+)	REF_PRM8	88.151	557	66	0	103	659	1	557	0.0	664
chrI_CLIB413:181599-183710_899..1690(+)	REF_PRM9	91.029	379	26	6	416	792	312	684	1.00e-145	505
chrI_CLIB413:181599-183710_899..1690(+)	REF_PRM9	89.474	133	14	0	103	235	1	133	1.49e-44	169
chrI_CLIB413:181599-183710_899..1690(+)	REF_MST28	80.306	523	83	16	103	615	1	513	2.28e-107	377
chrI_CLIB413:181599-183710_899..1690(+)	DFP25	87.500	120	15	0	103	222	1	120	1.17e-35	139
chrI_CLIB413:181599-183718_899..1690(+)	REF_PRM8	88.151	557	66	0	103	659	1	557	0.0	664
chrI_CLIB413:181599-183718_899..1690(+)	REF_PRM9	91.029	379	26	6	416	792	312	684	1.00e-145	505
chrI_CLIB413:181599-183718_899..1690(+)	REF_PRM9	89.474	133	14	0	103	235	1	133	1.49e-44	169
chrI_CLIB413:181599-183718_899..1690(+)	REF_MST28	80.306	523	83	16	103	615	1	513	2.28e-107	377
chrI_CLIB413:181599-183718_899..1690(+)	DFP25	87.500	120	15	0	103	222	1	120	1.17e-35	139
chrI_CLIB413:181599-183719_899..1690(+)	REF_PRM8	88.151	557	66	0	103	659	1	557	0.0	664
chrI_CLIB413:181599-183719_899..1690(+)	REF_PRM9	91.029	379	26	6	416	792	312	684	1.00e-145	505
chrI_CLIB413:181599-183719_899..1690(+)	REF_PRM9	89.474	133	14	0	103	235	1	133	1.49e-44	169
chrI_CLIB413:181599-183719_899..1690(+)	REF_MST28	80.306	523	83	16	103	615	1	513	2.28e-107	377
chrI_CLIB413:181599-183719_899..1690(+)	DFP25	87.500	120	15	0	103	222	1	120	1.17e-35	139
chrI_CLIB413:181599-183721_899..1690(+)	REF_PRM8	88.151	557	66	0	103	659	1	557	0.0	664
chrI_CLIB413:181599-183721_899..1690(+)	REF_PRM9	91.029	379	26	6	416	792	312	684	1.00e-145	505
chrI_CLIB413:181599-183721_899..1690(+)	REF_PRM9	89.474	133	14	0	103	235	1	133	1.49e-44	169
chrI_CLIB413:181599-183721_899..1690(+)	REF_MST28	80.306	523	83	16	103	615	1	513	2.28e-107	377
chrI_CLIB413:181599-183721_899..1690(+)	DFP25	87.500	120	15	0	103	222	1	120	1.17e-35	139
chrI_CLIB413:181599-183757_899..1690(+)	REF_PRM8	88.151	557	66	0	103	659	1	557	0.0	664
chrI_CLIB413:181599-183757_899..1690(+)	REF_PRM9	91.029	379	26	6	416	792	312	684	1.00e-145	505
chrI_CLIB413:181599-183757_899..1690(+)	REF_PRM9	89.474	133	14	0	103	235	1	133	1.49e-44	169
chrI_CLIB413:181599-183757_899..1690(+)	REF_MST28	80.306	523	83	16	103	615	1	513	2.28e-107	377
chrI_CLIB413:181599-183757_899..1690(+)	DFP25	87.500	120	15	0	103	222	1	120	1.17e-35	139
chrI_CLIB413:181599-184046_899..1690(+)	REF_PRM8	88.151	557	66	0	103	659	1	557	0.0	664
chrI_CLIB413:181599-184046_899..1690(+)	REF_PRM9	91.029	379	26	6	416	792	312	684	1.00e-145	505
chrI_CLIB413:181599-184046_899..1690(+)	REF_PRM9	89.474	133	14	0	103	235	1	133	1.49e-44	169
chrI_CLIB413:181599-184046_899..1690(+)	REF_MST28	80.306	523	83	16	103	615	1	513	2.28e-107	377
chrI_CLIB413:181599-184046_899..1690(+)	DFP25	87.500	120	15	0	103	222	1	120	1.17e-35	139
chrI_CLIB413:181599-184065_899..1690(+)	REF_PRM8	88.151	557	66	0	103	659	1	557	0.0	664
chrI_CLIB413:181599-184065_899..1690(+)	REF_PRM9	91.029	379	26	6	416	792	312	684	1.00e-145	505
chrI_CLIB413:181599-184065_899..1690(+)	REF_PRM9	89.474	133	14	0	103	235	1	133	1.49e-44	169
chrI_CLIB413:181599-184065_899..1690(+)	REF_MST28	80.306	523	83	16	103	615	1	513	2.28e-107	377
chrI_CLIB413:181599-184065_899..1690(+)	DFP25	87.500	120	15	0	103	222	1	120	1.17e-35	139
chrI_CLIB413:181599-184111_899..1690(+)	REF_PRM8	88.151	557	66	0	103	659	1	557	0.0	664
chrI_CLIB413:181599-184111_899..1690(+)	REF_PRM9	91.029	379	26	6	416	792	312	684	1.00e-145	505
chrI_CLIB413:181599-184111_899..1690(+)	REF_PRM9	89.474	133	14	0	103	235	1	133	1.49e-44	169
chrI_CLIB413:181599-184111_899..1690(+)	REF_MST28	80.306	523	83	16	103	615	1	513	2.28e-107	377
chrI_CLIB413:181599-184111_899..1690(+)	DFP25	87.500	120	15	0	103	222	1	120	1.17e-35	139
chrI_CLIB413:181599-184155_899..1690(+)	REF_PRM8	88.151	557	66	0	103	659	1	557	0.0	664
chrI_CLIB413:181599-184155_899..1690(+)	REF_PRM9	91.029	379	26	6	416	792	312	684	1.00e-145	505
chrI_CLIB413:181599-184155_899..1690(+)	REF_PRM9	89.474	133	14	0	103	235	1	133	1.49e-44	169
chrI_CLIB413:181599-184155_899..1690(+)	REF_MST28	80.306	523	83	16	103	615	1	513	2.28e-107	377
chrI_CLIB413:181599-184155_899..1690(+)	DFP25	87.500	120	15	0	103	222	1	120	1.17e-35	139
chrI_CLIB413:181599-184161_899..1690(+)	REF_PRM8	88.151	557	66	0	103	659	1	557	0.0	664
chrI_CLIB413:181599-184161_899..1690(+)	REF_PRM9	91.029	379	26	6	416	792	312	684	1.00e-145	505
chrI_CLIB413:181599-184161_899..1690(+)	REF_PRM9	89.474	133	14	0	103	235	1	133	1.49e-44	169
chrI_CLIB413:181599-184161_899..1690(+)	REF_MST28	80.306	523	83	16	103	615	1	513	2.28e-107	377
chrI_CLIB413:181599-184161_899..1690(+)	DFP25	87.500	120	15	0	103	222	1	120	1.17e-35	139
chrI_CLIB413:181606-183720_892..1683(+)	REF_PRM8	88.151	557	66	0	103	659	1	557	0.0	664
chrI_CLIB413:181606-183720_892..1683(+)	REF_PRM9	91.029	379	26	6	416	792	312	684	1.00e-145	505
chrI_CLIB413:181606-183720_892..1683(+)	REF_PRM9	89.474	133	14	0	103	235	1	133	1.49e-44	169
chrI_CLIB413:181606-183720_892..1683(+)	REF_MST28	80.306	523	83	16	103	615	1	513	2.28e-107	377
chrI_CLIB413:181606-183720_892..1683(+)	DFP25	87.500	120	15	0	103	222	1	120	1.17e-35	139
chrI_CLIB413:181606-183720_994..1683(+)	REF_PRM8	88.151	557	66	0	1	557	1	557	0.0	664
chrI_CLIB413:181606-183720_994..1683(+)	REF_PRM9	91.029	379	26	6	314	690	312	684	8.70e-146	505
chrI_CLIB413:181606-183720_994..1683(+)	REF_PRM9	89.474	133	14	0	1	133	1	133	1.30e-44	169
chrI_CLIB413:181606-183720_994..1683(+)	REF_MST28	80.306	523	83	16	1	513	1	513	1.98e-107	377
chrI_CLIB413:181606-183720_994..1683(+)	DFP25	87.500	120	15	0	1	120	1	120	1.02e-35	139
chrI_CLIB413:181628-183708_870..1661(+)	REF_PRM8	88.151	557	66	0	103	659	1	557	0.0	664
chrI_CLIB413:181628-183708_870..1661(+)	REF_PRM9	91.029	379	26	6	416	792	312	684	1.00e-145	505
chrI_CLIB413:181628-183708_870..1661(+)	REF_PRM9	89.474	133	14	0	103	235	1	133	1.49e-44	169
chrI_CLIB413:181628-183708_870..1661(+)	REF_MST28	80.306	523	83	16	103	615	1	513	2.28e-107	377
chrI_CLIB413:181628-183708_870..1661(+)	DFP25	87.500	120	15	0	103	222	1	120	1.17e-35	139
chrI_CLIB413:181628-183708_972..1661(+)	REF_PRM8	88.151	557	66	0	1	557	1	557	0.0	664
chrI_CLIB413:181628-183708_972..1661(+)	REF_PRM9	91.029	379	26	6	314	690	312	684	8.70e-146	505
chrI_CLIB413:181628-183708_972..1661(+)	REF_PRM9	89.474	133	14	0	1	133	1	133	1.30e-44	169
chrI_CLIB413:181628-183708_972..1661(+)	REF_MST28	80.306	523	83	16	1	513	1	513	1.98e-107	377
chrI_CLIB413:181628-183708_972..1661(+)	DFP25	87.500	120	15	0	1	120	1	120	1.02e-35	139
chrI_CLIB413:181898-184065_600..1391(+)	REF_PRM8	88.151	557	66	0	103	659	1	557	0.0	664
chrI_CLIB413:181898-184065_600..1391(+)	REF_PRM9	91.029	379	26	6	416	792	312	684	1.00e-145	505
chrI_CLIB413:181898-184065_600..1391(+)	REF_PRM9	89.474	133	14	0	103	235	1	133	1.49e-44	169
chrI_CLIB413:181898-184065_600..1391(+)	REF_MST28	80.306	523	83	16	103	615	1	513	2.28e-107	377
chrI_CLIB413:181898-184065_600..1391(+)	DFP25	87.500	120	15	0	103	222	1	120	1.17e-35	139
chrI_CLIB413:181898-184065_702..1391(+)	REF_PRM8	88.151	557	66	0	1	557	1	557	0.0	664
chrI_CLIB413:181898-184065_702..1391(+)	REF_PRM9	91.029	379	26	6	314	690	312	684	8.70e-146	505
chrI_CLIB413:181898-184065_702..1391(+)	REF_PRM9	89.474	133	14	0	1	133	1	133	1.30e-44	169
chrI_CLIB413:181898-184065_702..1391(+)	REF_MST28	80.306	523	83	16	1	513	1	513	1.98e-107	377
chrI_CLIB413:181898-184065_702..1391(+)	DFP25	87.500	120	15	0	1	120	1	120	1.02e-35	139
chrI_CLIB413:181899-184134_599..1390(+)	REF_PRM8	88.151	557	66	0	103	659	1	557	0.0	664
chrI_CLIB413:181899-184134_599..1390(+)	REF_PRM9	91.029	379	26	6	416	792	312	684	1.00e-145	505
chrI_CLIB413:181899-184134_599..1390(+)	REF_PRM9	89.474	133	14	0	103	235	1	133	1.49e-44	169
chrI_CLIB413:181899-184134_599..1390(+)	REF_MST28	80.306	523	83	16	103	615	1	513	2.28e-107	377
chrI_CLIB413:181899-184134_599..1390(+)	DFP25	87.500	120	15	0	103	222	1	120	1.17e-35	139
chrI_CLIB413:181899-184134_701..1390(+)	REF_PRM8	88.151	557	66	0	1	557	1	557	0.0	664
chrI_CLIB413:181899-184134_701..1390(+)	REF_PRM9	91.029	379	26	6	314	690	312	684	8.70e-146	505
chrI_CLIB413:181899-184134_701..1390(+)	REF_PRM9	89.474	133	14	0	1	133	1	133	1.30e-44	169
chrI_CLIB413:181899-184134_701..1390(+)	REF_MST28	80.306	523	83	16	1	513	1	513	1.98e-107	377
chrI_CLIB413:181899-184134_701..1390(+)	DFP25	87.500	120	15	0	1	120	1	120	1.02e-35	139
chrI_CLIB413:181905-184047_593..1384(+)	REF_PRM8	88.151	557	66	0	103	659	1	557	0.0	664
chrI_CLIB413:181905-184047_593..1384(+)	REF_PRM9	91.029	379	26	6	416	792	312	684	1.00e-145	505
chrI_CLIB413:181905-184047_593..1384(+)	REF_PRM9	89.474	133	14	0	103	235	1	133	1.49e-44	169
chrI_CLIB413:181905-184047_593..1384(+)	REF_MST28	80.306	523	83	16	103	615	1	513	2.28e-107	377
chrI_CLIB413:181905-184047_593..1384(+)	DFP25	87.500	120	15	0	103	222	1	120	1.17e-35	139
chrI_CLIB413:181905-184047_695..1384(+)	REF_PRM8	88.151	557	66	0	1	557	1	557	0.0	664
chrI_CLIB413:181905-184047_695..1384(+)	REF_PRM9	91.029	379	26	6	314	690	312	684	8.70e-146	505
chrI_CLIB413:181905-184047_695..1384(+)	REF_PRM9	89.474	133	14	0	1	133	1	133	1.30e-44	169
chrI_CLIB413:181905-184047_695..1384(+)	REF_MST28	80.306	523	83	16	1	513	1	513	1.98e-107	377
chrI_CLIB413:181905-184047_695..1384(+)	DFP25	87.500	120	15	0	1	120	1	120	1.02e-35	139
chrI_CLIB413:181906-184155_592..1383(+)	REF_PRM8	88.151	557	66	0	103	659	1	557	0.0	664
chrI_CLIB413:181906-184155_592..1383(+)	REF_PRM9	91.029	379	26	6	416	792	312	684	1.00e-145	505
chrI_CLIB413:181906-184155_592..1383(+)	REF_PRM9	89.474	133	14	0	103	235	1	133	1.49e-44	169
chrI_CLIB413:181906-184155_592..1383(+)	REF_MST28	80.306	523	83	16	103	615	1	513	2.28e-107	377
chrI_CLIB413:181906-184155_592..1383(+)	DFP25	87.500	120	15	0	103	222	1	120	1.17e-35	139
chrI_CLIB413:181906-184155_694..1383(+)	REF_PRM8	88.151	557	66	0	1	557	1	557	0.0	664
chrI_CLIB413:181906-184155_694..1383(+)	REF_PRM9	91.029	379	26	6	314	690	312	684	8.70e-146	505
chrI_CLIB413:181906-184155_694..1383(+)	REF_PRM9	89.474	133	14	0	1	133	1	133	1.30e-44	169
chrI_CLIB413:181906-184155_694..1383(+)	REF_MST28	80.306	523	83	16	1	513	1	513	1.98e-107	377
chrI_CLIB413:181906-184155_694..1383(+)	DFP25	87.500	120	15	0	1	120	1	120	1.02e-35	139
chrI_CLIB413:181912-184155_586..1377(+)	REF_PRM8	88.151	557	66	0	103	659	1	557	0.0	664
chrI_CLIB413:181912-184155_586..1377(+)	REF_PRM9	91.029	379	26	6	416	792	312	684	1.00e-145	505
chrI_CLIB413:181912-184155_586..1377(+)	REF_PRM9	89.474	133	14	0	103	235	1	133	1.49e-44	169
chrI_CLIB413:181912-184155_586..1377(+)	REF_MST28	80.306	523	83	16	103	615	1	513	2.28e-107	377
chrI_CLIB413:181912-184155_586..1377(+)	DFP25	87.500	120	15	0	103	222	1	120	1.17e-35	139
chrI_CLIB413:181912-184155_688..1377(+)	REF_PRM8	88.151	557	66	0	1	557	1	557	0.0	664
chrI_CLIB413:181912-184155_688..1377(+)	REF_PRM9	91.029	379	26	6	314	690	312	684	8.70e-146	505
chrI_CLIB413:181912-184155_688..1377(+)	REF_PRM9	89.474	133	14	0	1	133	1	133	1.30e-44	169
chrI_CLIB413:181912-184155_688..1377(+)	REF_MST28	80.306	523	83	16	1	513	1	513	1.98e-107	377
chrI_CLIB413:181912-184155_688..1377(+)	DFP25	87.500	120	15	0	1	120	1	120	1.02e-35	139
chrI_CLIB413:181924-184087_574..1365(+)	REF_PRM8	88.151	557	66	0	103	659	1	557	0.0	664
chrI_CLIB413:181924-184087_574..1365(+)	REF_PRM9	91.029	379	26	6	416	792	312	684	1.00e-145	505
chrI_CLIB413:181924-184087_574..1365(+)	REF_PRM9	89.474	133	14	0	103	235	1	133	1.49e-44	169
chrI_CLIB413:181924-184087_574..1365(+)	REF_MST28	80.306	523	83	16	103	615	1	513	2.28e-107	377
chrI_CLIB413:181924-184087_574..1365(+)	DFP25	87.500	120	15	0	103	222	1	120	1.17e-35	139
chrI_CLIB413:181924-184087_676..1365(+)	REF_PRM8	88.151	557	66	0	1	557	1	557	0.0	664
chrI_CLIB413:181924-184087_676..1365(+)	REF_PRM9	91.029	379	26	6	314	690	312	684	8.70e-146	505
chrI_CLIB413:181924-184087_676..1365(+)	REF_PRM9	89.474	133	14	0	1	133	1	133	1.30e-44	169
chrI_CLIB413:181924-184087_676..1365(+)	REF_MST28	80.306	523	83	16	1	513	1	513	1.98e-107	377
chrI_CLIB413:181924-184087_676..1365(+)	DFP25	87.500	120	15	0	1	120	1	120	1.02e-35	139
chrI_CLIB413:181935-184111_563..1354(+)	REF_PRM8	88.151	557	66	0	103	659	1	557	0.0	664
chrI_CLIB413:181935-184111_563..1354(+)	REF_PRM9	91.029	379	26	6	416	792	312	684	1.00e-145	505
chrI_CLIB413:181935-184111_563..1354(+)	REF_PRM9	89.474	133	14	0	103	235	1	133	1.49e-44	169
chrI_CLIB413:181935-184111_563..1354(+)	REF_MST28	80.306	523	83	16	103	615	1	513	2.28e-107	377
chrI_CLIB413:181935-184111_563..1354(+)	DFP25	87.500	120	15	0	103	222	1	120	1.17e-35	139
chrI_CLIB413:181935-184111_665..1354(+)	REF_PRM8	88.151	557	66	0	1	557	1	557	0.0	664
chrI_CLIB413:181935-184111_665..1354(+)	REF_PRM9	91.029	379	26	6	314	690	312	684	8.70e-146	505
chrI_CLIB413:181935-184111_665..1354(+)	REF_PRM9	89.474	133	14	0	1	133	1	133	1.30e-44	169
chrI_CLIB413:181935-184111_665..1354(+)	REF_MST28	80.306	523	83	16	1	513	1	513	1.98e-107	377
chrI_CLIB413:181935-184111_665..1354(+)	DFP25	87.500	120	15	0	1	120	1	120	1.02e-35	139
chrI_CLIB413:181935-184155_563..1354(+)	REF_PRM8	88.151	557	66	0	103	659	1	557	0.0	664
chrI_CLIB413:181935-184155_563..1354(+)	REF_PRM9	91.029	379	26	6	416	792	312	684	1.00e-145	505
chrI_CLIB413:181935-184155_563..1354(+)	REF_PRM9	89.474	133	14	0	103	235	1	133	1.49e-44	169
chrI_CLIB413:181935-184155_563..1354(+)	REF_MST28	80.306	523	83	16	103	615	1	513	2.28e-107	377
chrI_CLIB413:181935-184155_563..1354(+)	DFP25	87.500	120	15	0	103	222	1	120	1.17e-35	139
chrI_CLIB413:181935-184155_665..1354(+)	REF_PRM8	88.151	557	66	0	1	557	1	557	0.0	664
chrI_CLIB413:181935-184155_665..1354(+)	REF_PRM9	91.029	379	26	6	314	690	312	684	8.70e-146	505
chrI_CLIB413:181935-184155_665..1354(+)	REF_PRM9	89.474	133	14	0	1	133	1	133	1.30e-44	169
chrI_CLIB413:181935-184155_665..1354(+)	REF_MST28	80.306	523	83	16	1	513	1	513	1.98e-107	377
chrI_CLIB413:181935-184155_665..1354(+)	DFP25	87.500	120	15	0	1	120	1	120	1.02e-35	139
chrI_CLIB413:181941-184111_557..1348(+)	REF_PRM8	88.151	557	66	0	103	659	1	557	0.0	664
chrI_CLIB413:181941-184111_557..1348(+)	REF_PRM9	91.029	379	26	6	416	792	312	684	1.00e-145	505
chrI_CLIB413:181941-184111_557..1348(+)	REF_PRM9	89.474	133	14	0	103	235	1	133	1.49e-44	169
chrI_CLIB413:181941-184111_557..1348(+)	REF_MST28	80.306	523	83	16	103	615	1	513	2.28e-107	377
chrI_CLIB413:181941-184111_557..1348(+)	DFP25	87.500	120	15	0	103	222	1	120	1.17e-35	139
chrI_CLIB413:181941-184111_659..1348(+)	REF_PRM8	88.151	557	66	0	1	557	1	557	0.0	664
chrI_CLIB413:181941-184111_659..1348(+)	REF_PRM9	91.029	379	26	6	314	690	312	684	8.70e-146	505
chrI_CLIB413:181941-184111_659..1348(+)	REF_PRM9	89.474	133	14	0	1	133	1	133	1.30e-44	169
chrI_CLIB413:181941-184111_659..1348(+)	REF_MST28	80.306	523	83	16	1	513	1	513	1.98e-107	377
chrI_CLIB413:181941-184111_659..1348(+)	DFP25	87.500	120	15	0	1	120	1	120	1.02e-35	139
chrI_CLIB413:181945-184045_553..1344(+)	REF_PRM8	88.151	557	66	0	103	659	1	557	0.0	664
chrI_CLIB413:181945-184045_553..1344(+)	REF_PRM9	91.029	379	26	6	416	792	312	684	1.00e-145	505
chrI_CLIB413:181945-184045_553..1344(+)	REF_PRM9	89.474	133	14	0	103	235	1	133	1.49e-44	169
chrI_CLIB413:181945-184045_553..1344(+)	REF_MST28	80.306	523	83	16	103	615	1	513	2.28e-107	377
chrI_CLIB413:181945-184045_553..1344(+)	DFP25	87.500	120	15	0	103	222	1	120	1.17e-35	139
chrI_CLIB413:181945-184045_655..1344(+)	REF_PRM8	88.151	557	66	0	1	557	1	557	0.0	664
chrI_CLIB413:181945-184045_655..1344(+)	REF_PRM9	91.029	379	26	6	314	690	312	684	8.70e-146	505
chrI_CLIB413:181945-184045_655..1344(+)	REF_PRM9	89.474	133	14	0	1	133	1	133	1.30e-44	169
chrI_CLIB413:181945-184045_655..1344(+)	REF_MST28	80.306	523	83	16	1	513	1	513	1.98e-107	377
chrI_CLIB413:181945-184045_655..1344(+)	DFP25	87.500	120	15	0	1	120	1	120	1.02e-35	139
chrI_CLIB413:181995-184109_503..1294(+)	REF_PRM8	88.151	557	66	0	103	659	1	557	0.0	664
chrI_CLIB413:181995-184109_503..1294(+)	REF_PRM9	91.029	379	26	6	416	792	312	684	1.00e-145	505
chrI_CLIB413:181995-184109_503..1294(+)	REF_PRM9	89.474	133	14	0	103	235	1	133	1.49e-44	169
chrI_CLIB413:181995-184109_503..1294(+)	REF_MST28	80.306	523	83	16	103	615	1	513	2.28e-107	377
chrI_CLIB413:181995-184109_503..1294(+)	DFP25	87.500	120	15	0	103	222	1	120	1.17e-35	139
chrI_CLIB413:181995-184109_605..1294(+)	REF_PRM8	88.151	557	66	0	1	557	1	557	0.0	664
chrI_CLIB413:181995-184109_605..1294(+)	REF_PRM9	91.029	379	26	6	314	690	312	684	8.70e-146	505
chrI_CLIB413:181995-184109_605..1294(+)	REF_PRM9	89.474	133	14	0	1	133	1	133	1.30e-44	169
chrI_CLIB413:181995-184109_605..1294(+)	REF_MST28	80.306	523	83	16	1	513	1	513	1.98e-107	377
chrI_CLIB413:181995-184109_605..1294(+)	DFP25	87.500	120	15	0	1	120	1	120	1.02e-35	139
chrI_CLIB413:182150-184234_348..1139(+)	REF_PRM8	88.151	557	66	0	103	659	1	557	0.0	664
chrI_CLIB413:182150-184234_348..1139(+)	REF_PRM9	91.029	379	26	6	416	792	312	684	1.00e-145	505
chrI_CLIB413:182150-184234_348..1139(+)	REF_PRM9	89.474	133	14	0	103	235	1	133	1.49e-44	169
chrI_CLIB413:182150-184234_348..1139(+)	REF_MST28	80.306	523	83	16	103	615	1	513	2.28e-107	377
chrI_CLIB413:182150-184234_348..1139(+)	DFP25	87.500	120	15	0	103	222	1	120	1.17e-35	139
chrI_CLIB413:182150-184234_450..1139(+)	REF_PRM8	88.151	557	66	0	1	557	1	557	0.0	664
chrI_CLIB413:182150-184234_450..1139(+)	REF_PRM9	91.029	379	26	6	314	690	312	684	8.70e-146	505
chrI_CLIB413:182150-184234_450..1139(+)	REF_PRM9	89.474	133	14	0	1	133	1	133	1.30e-44	169
chrI_CLIB413:182150-184234_450..1139(+)	REF_MST28	80.306	523	83	16	1	513	1	513	1.98e-107	377
chrI_CLIB413:182150-184234_450..1139(+)	DFP25	87.500	120	15	0	1	120	1	120	1.02e-35	139
chrI_CLIB413:182162-184253_336..1127(+)	REF_PRM8	88.151	557	66	0	103	659	1	557	0.0	664
chrI_CLIB413:182162-184253_336..1127(+)	REF_PRM9	91.029	379	26	6	416	792	312	684	1.00e-145	505
chrI_CLIB413:182162-184253_336..1127(+)	REF_PRM9	89.474	133	14	0	103	235	1	133	1.49e-44	169
chrI_CLIB413:182162-184253_336..1127(+)	REF_MST28	80.306	523	83	16	103	615	1	513	2.28e-107	377
chrI_CLIB413:182162-184253_336..1127(+)	DFP25	87.500	120	15	0	103	222	1	120	1.17e-35	139
chrI_CLIB413:182162-184253_438..1127(+)	REF_PRM8	88.151	557	66	0	1	557	1	557	0.0	664
chrI_CLIB413:182162-184253_438..1127(+)	REF_PRM9	91.029	379	26	6	314	690	312	684	8.70e-146	505
chrI_CLIB413:182162-184253_438..1127(+)	REF_PRM9	89.474	133	14	0	1	133	1	133	1.30e-44	169
chrI_CLIB413:182162-184253_438..1127(+)	REF_MST28	80.306	523	83	16	1	513	1	513	1.98e-107	377
chrI_CLIB413:182162-184253_438..1127(+)	DFP25	87.500	120	15	0	1	120	1	120	1.02e-35	139
chrI_CLIB413:182209-184288_289..1080(+)	REF_PRM8	88.151	557	66	0	103	659	1	557	0.0	664
chrI_CLIB413:182209-184288_289..1080(+)	REF_PRM9	91.029	379	26	6	416	792	312	684	1.00e-145	505
chrI_CLIB413:182209-184288_289..1080(+)	REF_PRM9	89.474	133	14	0	103	235	1	133	1.49e-44	169
chrI_CLIB413:182209-184288_289..1080(+)	REF_MST28	80.306	523	83	16	103	615	1	513	2.28e-107	377
chrI_CLIB413:182209-184288_289..1080(+)	DFP25	87.500	120	15	0	103	222	1	120	1.17e-35	139
chrI_CLIB413:182209-184288_391..1080(+)	REF_PRM8	88.151	557	66	0	1	557	1	557	0.0	664
chrI_CLIB413:182209-184288_391..1080(+)	REF_PRM9	91.029	379	26	6	314	690	312	684	8.70e-146	505
chrI_CLIB413:182209-184288_391..1080(+)	REF_PRM9	89.474	133	14	0	1	133	1	133	1.30e-44	169
chrI_CLIB413:182209-184288_391..1080(+)	REF_MST28	80.306	523	83	16	1	513	1	513	1.98e-107	377
chrI_CLIB413:182209-184288_391..1080(+)	DFP25	87.500	120	15	0	1	120	1	120	1.02e-35	139
chrI_I14:168477-170616_954..1619(+)	DFP19	99.700	666	2	0	1	666	1	666	0.0	1219
chrI_I14:168477-170616_954..1619(+)	DFP23	81.743	241	44	0	285	525	309	549	1.23e-54	202
chrI_I14:168477-170616_954..1619(+)	DFP17	81.328	241	45	0	285	525	306	546	5.73e-53	196
chrI_I14:168477-170616_954..1619(+)	DFP16	81.328	241	45	0	285	525	309	549	5.73e-53	196
chrI_I14:168480-170621_951..1616(+)	DFP19	99.700	666	2	0	1	666	1	666	0.0	1219
chrI_I14:168480-170621_951..1616(+)	DFP23	81.743	241	44	0	285	525	309	549	1.23e-54	202
chrI_I14:168480-170621_951..1616(+)	DFP17	81.328	241	45	0	285	525	306	546	5.73e-53	196
chrI_I14:168480-170621_951..1616(+)	DFP16	81.328	241	45	0	285	525	309	549	5.73e-53	196
chrI_I14:168483-170556_948..1613(+)	DFP19	99.700	666	2	0	1	666	1	666	0.0	1219
chrI_I14:168483-170556_948..1613(+)	DFP23	81.743	241	44	0	285	525	309	549	1.23e-54	202
chrI_I14:168483-170556_948..1613(+)	DFP17	81.328	241	45	0	285	525	306	546	5.73e-53	196
chrI_I14:168483-170556_948..1613(+)	DFP16	81.328	241	45	0	285	525	309	549	5.73e-53	196
chrI_I14:168483-170564_948..1613(+)	DFP19	99.700	666	2	0	1	666	1	666	0.0	1219
chrI_I14:168483-170564_948..1613(+)	DFP23	81.743	241	44	0	285	525	309	549	1.23e-54	202
chrI_I14:168483-170564_948..1613(+)	DFP17	81.328	241	45	0	285	525	306	546	5.73e-53	196
chrI_I14:168483-170564_948..1613(+)	DFP16	81.328	241	45	0	285	525	309	549	5.73e-53	196
chrI_I14:168483-170569_948..1613(+)	DFP19	99.700	666	2	0	1	666	1	666	0.0	1219
chrI_I14:168483-170569_948..1613(+)	DFP23	81.743	241	44	0	285	525	309	549	1.23e-54	202
chrI_I14:168483-170569_948..1613(+)	DFP17	81.328	241	45	0	285	525	306	546	5.73e-53	196
chrI_I14:168483-170569_948..1613(+)	DFP16	81.328	241	45	0	285	525	309	549	5.73e-53	196
chrI_I14:168483-170616_948..1613(+)	DFP19	99.700	666	2	0	1	666	1	666	0.0	1219
chrI_I14:168483-170616_948..1613(+)	DFP23	81.743	241	44	0	285	525	309	549	1.23e-54	202
chrI_I14:168483-170616_948..1613(+)	DFP17	81.328	241	45	0	285	525	306	546	5.73e-53	196
chrI_I14:168483-170616_948..1613(+)	DFP16	81.328	241	45	0	285	525	309	549	5.73e-53	196
chrI_I14:168483-170621_948..1613(+)	DFP19	99.700	666	2	0	1	666	1	666	0.0	1219
chrI_I14:168483-170621_948..1613(+)	DFP23	81.743	241	44	0	285	525	309	549	1.23e-54	202
chrI_I14:168483-170621_948..1613(+)	DFP17	81.328	241	45	0	285	525	306	546	5.73e-53	196
chrI_I14:168483-170621_948..1613(+)	DFP16	81.328	241	45	0	285	525	309	549	5.73e-53	196
chrI_I14:168483-170853_948..1613(+)	DFP19	99.700	666	2	0	1	666	1	666	0.0	1219
chrI_I14:168483-170853_948..1613(+)	DFP23	81.743	241	44	0	285	525	309	549	1.23e-54	202
chrI_I14:168483-170853_948..1613(+)	DFP17	81.328	241	45	0	285	525	306	546	5.73e-53	196
chrI_I14:168483-170853_948..1613(+)	DFP16	81.328	241	45	0	285	525	309	549	5.73e-53	196
chrI_I14:168484-170548_947..1612(+)	DFP19	99.700	666	2	0	1	666	1	666	0.0	1219
chrI_I14:168484-170548_947..1612(+)	DFP23	81.743	241	44	0	285	525	309	549	1.23e-54	202
chrI_I14:168484-170548_947..1612(+)	DFP17	81.328	241	45	0	285	525	306	546	5.73e-53	196
chrI_I14:168484-170548_947..1612(+)	DFP16	81.328	241	45	0	285	525	309	549	5.73e-53	196
chrI_I14:168706-170941_725..1390(+)	DFP19	99.700	666	2	0	1	666	1	666	0.0	1219
chrI_I14:168706-170941_725..1390(+)	DFP23	81.743	241	44	0	285	525	309	549	1.23e-54	202
chrI_I14:168706-170941_725..1390(+)	DFP17	81.328	241	45	0	285	525	306	546	5.73e-53	196
chrI_I14:168706-170941_725..1390(+)	DFP16	81.328	241	45	0	285	525	309	549	5.73e-53	196
chrI_I14:168711-170872_720..1385(+)	DFP19	99.700	666	2	0	1	666	1	666	0.0	1219
chrI_I14:168711-170872_720..1385(+)	DFP23	81.743	241	44	0	285	525	309	549	1.23e-54	202
chrI_I14:168711-170872_720..1385(+)	DFP17	81.328	241	45	0	285	525	306	546	5.73e-53	196
chrI_I14:168711-170872_720..1385(+)	DFP16	81.328	241	45	0	285	525	309	549	5.73e-53	196
chrI_I14:168714-170900_717..1382(+)	DFP19	99.700	666	2	0	1	666	1	666	0.0	1219
chrI_I14:168714-170900_717..1382(+)	DFP23	81.743	241	44	0	285	525	309	549	1.23e-54	202
chrI_I14:168714-170900_717..1382(+)	DFP17	81.328	241	45	0	285	525	306	546	5.73e-53	196
chrI_I14:168714-170900_717..1382(+)	DFP16	81.328	241	45	0	285	525	309	549	5.73e-53	196
chrI_I14:168714-170901_717..1382(+)	DFP19	99.700	666	2	0	1	666	1	666	0.0	1219
chrI_I14:168714-170901_717..1382(+)	DFP23	81.743	241	44	0	285	525	309	549	1.23e-54	202
chrI_I14:168714-170901_717..1382(+)	DFP17	81.328	241	45	0	285	525	306	546	5.73e-53	196
chrI_I14:168714-170901_717..1382(+)	DFP16	81.328	241	45	0	285	525	309	549	5.73e-53	196
chrI_I14:168714-170954_717..1382(+)	DFP19	99.700	666	2	0	1	666	1	666	0.0	1219
chrI_I14:168714-170954_717..1382(+)	DFP23	81.743	241	44	0	285	525	309	549	1.23e-54	202
chrI_I14:168714-170954_717..1382(+)	DFP17	81.328	241	45	0	285	525	306	546	5.73e-53	196
chrI_I14:168714-170954_717..1382(+)	DFP16	81.328	241	45	0	285	525	309	549	5.73e-53	196
chrI_I14:168717-170954_714..1379(+)	DFP19	99.700	666	2	0	1	666	1	666	0.0	1219
chrI_I14:168717-170954_714..1379(+)	DFP23	81.743	241	44	0	285	525	309	549	1.23e-54	202
chrI_I14:168717-170954_714..1379(+)	DFP17	81.328	241	45	0	285	525	306	546	5.73e-53	196
chrI_I14:168717-170954_714..1379(+)	DFP16	81.328	241	45	0	285	525	309	549	5.73e-53	196
chrI_I14:168718-170772_713..1378(+)	DFP19	99.700	666	2	0	1	666	1	666	0.0	1219
chrI_I14:168718-170772_713..1378(+)	DFP23	81.743	241	44	0	285	525	309	549	1.23e-54	202
chrI_I14:168718-170772_713..1378(+)	DFP17	81.328	241	45	0	285	525	306	546	5.73e-53	196
chrI_I14:168718-170772_713..1378(+)	DFP16	81.328	241	45	0	285	525	309	549	5.73e-53	196
chrI_I14:168718-170834_713..1378(+)	DFP19	99.700	666	2	0	1	666	1	666	0.0	1219
chrI_I14:168718-170834_713..1378(+)	DFP23	81.743	241	44	0	285	525	309	549	1.23e-54	202
chrI_I14:168718-170834_713..1378(+)	DFP17	81.328	241	45	0	285	525	306	546	5.73e-53	196
chrI_I14:168718-170834_713..1378(+)	DFP16	81.328	241	45	0	285	525	309	549	5.73e-53	196
chrI_I14:168718-170872_713..1378(+)	DFP19	99.700	666	2	0	1	666	1	666	0.0	1219
chrI_I14:168718-170872_713..1378(+)	DFP23	81.743	241	44	0	285	525	309	549	1.23e-54	202
chrI_I14:168718-170872_713..1378(+)	DFP17	81.328	241	45	0	285	525	306	546	5.73e-53	196
chrI_I14:168718-170872_713..1378(+)	DFP16	81.328	241	45	0	285	525	309	549	5.73e-53	196
chrI_I14:168719-170954_712..1377(+)	DFP19	99.700	666	2	0	1	666	1	666	0.0	1219
chrI_I14:168719-170954_712..1377(+)	DFP23	81.743	241	44	0	285	525	309	549	1.23e-54	202
chrI_I14:168719-170954_712..1377(+)	DFP17	81.328	241	45	0	285	525	306	546	5.73e-53	196
chrI_I14:168719-170954_712..1377(+)	DFP16	81.328	241	45	0	285	525	309	549	5.73e-53	196
chrI_I14:168720-170854_711..1376(+)	DFP19	99.700	666	2	0	1	666	1	666	0.0	1219
chrI_I14:168720-170854_711..1376(+)	DFP23	81.743	241	44	0	285	525	309	549	1.23e-54	202
chrI_I14:168720-170854_711..1376(+)	DFP17	81.328	241	45	0	285	525	306	546	5.73e-53	196
chrI_I14:168720-170854_711..1376(+)	DFP16	81.328	241	45	0	285	525	309	549	5.73e-53	196
chrI_I14:168731-170898_700..1365(+)	DFP19	99.700	666	2	0	1	666	1	666	0.0	1219
chrI_I14:168731-170898_700..1365(+)	DFP23	81.743	241	44	0	285	525	309	549	1.23e-54	202
chrI_I14:168731-170898_700..1365(+)	DFP17	81.328	241	45	0	285	525	306	546	5.73e-53	196
chrI_I14:168731-170898_700..1365(+)	DFP16	81.328	241	45	0	285	525	309	549	5.73e-53	196
chrI_I14:168772-170853_659..1324(+)	DFP19	99.700	666	2	0	1	666	1	666	0.0	1219
chrI_I14:168772-170853_659..1324(+)	DFP23	81.743	241	44	0	285	525	309	549	1.23e-54	202
chrI_I14:168772-170853_659..1324(+)	DFP17	81.328	241	45	0	285	525	306	546	5.73e-53	196
chrI_I14:168772-170853_659..1324(+)	DFP16	81.328	241	45	0	285	525	309	549	5.73e-53	196
chrI_I14:168815-170916_616..1281(+)	DFP19	99.700	666	2	0	1	666	1	666	0.0	1219
chrI_I14:168815-170916_616..1281(+)	DFP23	81.743	241	44	0	285	525	309	549	1.23e-54	202
chrI_I14:168815-170916_616..1281(+)	DFP17	81.328	241	45	0	285	525	306	546	5.73e-53	196
chrI_I14:168815-170916_616..1281(+)	DFP16	81.328	241	45	0	285	525	309	549	5.73e-53	196
chrI_I14:168968-171064_463..1128(+)	DFP19	99.700	666	2	0	1	666	1	666	0.0	1219
chrI_I14:168968-171064_463..1128(+)	DFP23	81.743	241	44	0	285	525	309	549	1.23e-54	202
chrI_I14:168968-171064_463..1128(+)	DFP17	81.328	241	45	0	285	525	306	546	5.73e-53	196
chrI_I14:168968-171064_463..1128(+)	DFP16	81.328	241	45	0	285	525	309	549	5.73e-53	196
chrI_I14:168968-171066_463..1128(+)	DFP19	99.700	666	2	0	1	666	1	666	0.0	1219
chrI_I14:168968-171066_463..1128(+)	DFP23	81.743	241	44	0	285	525	309	549	1.23e-54	202
chrI_I14:168968-171066_463..1128(+)	DFP17	81.328	241	45	0	285	525	306	546	5.73e-53	196
chrI_I14:168968-171066_463..1128(+)	DFP16	81.328	241	45	0	285	525	309	549	5.73e-53	196
chrI_I14:168969-171061_462..1127(+)	DFP19	99.700	666	2	0	1	666	1	666	0.0	1219
chrI_I14:168969-171061_462..1127(+)	DFP23	81.743	241	44	0	285	525	309	549	1.23e-54	202
chrI_I14:168969-171061_462..1127(+)	DFP17	81.328	241	45	0	285	525	306	546	5.73e-53	196
chrI_I14:168969-171061_462..1127(+)	DFP16	81.328	241	45	0	285	525	309	549	5.73e-53	196
chrI_I14:168969-171064_462..1127(+)	DFP19	99.700	666	2	0	1	666	1	666	0.0	1219
chrI_I14:168969-171064_462..1127(+)	DFP23	81.743	241	44	0	285	525	309	549	1.23e-54	202
chrI_I14:168969-171064_462..1127(+)	DFP17	81.328	241	45	0	285	525	306	546	5.73e-53	196
chrI_I14:168969-171064_462..1127(+)	DFP16	81.328	241	45	0	285	525	309	549	5.73e-53	196
chrI_I14:169016-171052_415..1080(+)	DFP19	99.700	666	2	0	1	666	1	666	0.0	1219
chrI_I14:169016-171052_415..1080(+)	DFP23	81.743	241	44	0	285	525	309	549	1.23e-54	202
chrI_I14:169016-171052_415..1080(+)	DFP17	81.328	241	45	0	285	525	306	546	5.73e-53	196
chrI_I14:169016-171052_415..1080(+)	DFP16	81.328	241	45	0	285	525	309	549	5.73e-53	196
chrI_I14:169017-171046_414..1079(+)	DFP19	99.700	666	2	0	1	666	1	666	0.0	1219
chrI_I14:169017-171046_414..1079(+)	DFP23	81.743	241	44	0	285	525	309	549	1.23e-54	202
chrI_I14:169017-171046_414..1079(+)	DFP17	81.328	241	45	0	285	525	306	546	5.73e-53	196
chrI_I14:169017-171046_414..1079(+)	DFP16	81.328	241	45	0	285	525	309	549	5.73e-53	196
chrI_I14:169017-171060_414..1079(+)	DFP19	99.700	666	2	0	1	666	1	666	0.0	1219
chrI_I14:169017-171060_414..1079(+)	DFP23	81.743	241	44	0	285	525	309	549	1.23e-54	202
chrI_I14:169017-171060_414..1079(+)	DFP17	81.328	241	45	0	285	525	306	546	5.73e-53	196
chrI_I14:169017-171060_414..1079(+)	DFP16	81.328	241	45	0	285	525	309	549	5.73e-53	196
chrI_I14:169017-171066_414..1079(+)	DFP19	99.700	666	2	0	1	666	1	666	0.0	1219
chrI_I14:169017-171066_414..1079(+)	DFP23	81.743	241	44	0	285	525	309	549	1.23e-54	202
chrI_I14:169017-171066_414..1079(+)	DFP17	81.328	241	45	0	285	525	306	546	5.73e-53	196
chrI_I14:169017-171066_414..1079(+)	DFP16	81.328	241	45	0	285	525	309	549	5.73e-53	196
chrI_I14:174480-176573_279..1148(+)	REF_PRM9	100.000	684	0	0	187	870	1	684	0.0	1264
chrI_I14:174480-176573_279..1148(+)	REF_PRM8	79.730	518	84	18	187	692	1	509	1.17e-100	355
chrI_I14:174480-176573_279..1148(+)	REF_PRM8	95.000	80	4	0	791	870	635	714	1.00e-31	126
chrI_I14:174480-176573_279..1148(+)	DFP22	95.489	133	6	0	187	319	1	133	7.48e-58	213
chrI_I14:174480-176573_279..1148(+)	REF_MST28	87.121	132	17	0	187	318	1	132	5.95e-39	150
chrI_I14:174480-176573_363..1148(+)	REF_PRM9	100.000	684	0	0	103	786	1	684	0.0	1264
chrI_I14:174480-176573_363..1148(+)	REF_PRM8	79.730	518	84	18	103	608	1	509	1.06e-100	355
chrI_I14:174480-176573_363..1148(+)	REF_PRM8	95.000	80	4	0	707	786	635	714	9.04e-32	126
chrI_I14:174480-176573_363..1148(+)	DFP22	95.489	133	6	0	103	235	1	133	6.74e-58	213
chrI_I14:174480-176573_363..1148(+)	REF_MST28	87.121	132	17	0	103	234	1	132	5.36e-39	150
chrI_I14:174480-176573_465..1148(+)	REF_PRM9	100.000	684	0	0	1	684	1	684	0.0	1264
chrI_I14:174480-176573_465..1148(+)	REF_PRM8	79.730	518	84	18	1	506	1	509	9.19e-101	355
chrI_I14:174480-176573_465..1148(+)	REF_PRM8	95.000	80	4	0	605	684	635	714	7.84e-32	126
chrI_I14:174480-176573_465..1148(+)	DFP22	95.489	133	6	0	1	133	1	133	5.85e-58	213
chrI_I14:174480-176573_465..1148(+)	REF_MST28	87.121	132	17	0	1	132	1	132	4.65e-39	150
chrI_I14:174503-176581_256..1125(+)	REF_PRM9	100.000	684	0	0	187	870	1	684	0.0	1264
chrI_I14:174503-176581_256..1125(+)	REF_PRM8	79.730	518	84	18	187	692	1	509	1.17e-100	355
chrI_I14:174503-176581_256..1125(+)	REF_PRM8	95.000	80	4	0	791	870	635	714	1.00e-31	126
chrI_I14:174503-176581_256..1125(+)	DFP22	95.489	133	6	0	187	319	1	133	7.48e-58	213
chrI_I14:174503-176581_256..1125(+)	REF_MST28	87.121	132	17	0	187	318	1	132	5.95e-39	150
chrI_I14:174503-176581_340..1125(+)	REF_PRM9	100.000	684	0	0	103	786	1	684	0.0	1264
chrI_I14:174503-176581_340..1125(+)	REF_PRM8	79.730	518	84	18	103	608	1	509	1.06e-100	355
chrI_I14:174503-176581_340..1125(+)	REF_PRM8	95.000	80	4	0	707	786	635	714	9.04e-32	126
chrI_I14:174503-176581_340..1125(+)	DFP22	95.489	133	6	0	103	235	1	133	6.74e-58	213
chrI_I14:174503-176581_340..1125(+)	REF_MST28	87.121	132	17	0	103	234	1	132	5.36e-39	150
chrI_I14:174503-176581_442..1125(+)	REF_PRM9	100.000	684	0	0	1	684	1	684	0.0	1264
chrI_I14:174503-176581_442..1125(+)	REF_PRM8	79.730	518	84	18	1	506	1	509	9.19e-101	355
chrI_I14:174503-176581_442..1125(+)	REF_PRM8	95.000	80	4	0	605	684	635	714	7.84e-32	126
chrI_I14:174503-176581_442..1125(+)	DFP22	95.489	133	6	0	1	133	1	133	5.85e-58	213
chrI_I14:174503-176581_442..1125(+)	REF_MST28	87.121	132	17	0	1	132	1	132	4.65e-39	150
chrI_I14:174548-176627_211..1080(+)	REF_PRM9	100.000	684	0	0	187	870	1	684	0.0	1264
chrI_I14:174548-176627_211..1080(+)	REF_PRM8	79.730	518	84	18	187	692	1	509	1.17e-100	355
chrI_I14:174548-176627_211..1080(+)	REF_PRM8	95.000	80	4	0	791	870	635	714	1.00e-31	126
chrI_I14:174548-176627_211..1080(+)	DFP22	95.489	133	6	0	187	319	1	133	7.48e-58	213
chrI_I14:174548-176627_211..1080(+)	REF_MST28	87.121	132	17	0	187	318	1	132	5.95e-39	150
chrI_I14:174548-176627_295..1080(+)	REF_PRM9	100.000	684	0	0	103	786	1	684	0.0	1264
chrI_I14:174548-176627_295..1080(+)	REF_PRM8	79.730	518	84	18	103	608	1	509	1.06e-100	355
chrI_I14:174548-176627_295..1080(+)	REF_PRM8	95.000	80	4	0	707	786	635	714	9.04e-32	126
chrI_I14:174548-176627_295..1080(+)	DFP22	95.489	133	6	0	103	235	1	133	6.74e-58	213
chrI_I14:174548-176627_295..1080(+)	REF_MST28	87.121	132	17	0	103	234	1	132	5.36e-39	150
chrI_I14:174548-176627_397..1080(+)	REF_PRM9	100.000	684	0	0	1	684	1	684	0.0	1264
chrI_I14:174548-176627_397..1080(+)	REF_PRM8	79.730	518	84	18	1	506	1	509	9.19e-101	355
chrI_I14:174548-176627_397..1080(+)	REF_PRM8	95.000	80	4	0	605	684	635	714	7.84e-32	126
chrI_I14:174548-176627_397..1080(+)	DFP22	95.489	133	6	0	1	133	1	133	5.85e-58	213
chrI_I14:174548-176627_397..1080(+)	REF_MST28	87.121	132	17	0	1	132	1	132	4.65e-39	150
chrI_RM:165491-167584_465..1115(+)	REF_PRM9	98.148	648	12	0	1	648	1	648	0.0	1131
chrI_RM:165491-167584_465..1115(+)	DFP19	87.234	329	38	2	312	636	290	618	8.67e-106	372
chrI_RM:165491-167584_465..1115(+)	REF_PRM8	78.958	518	88	18	1	506	1	509	4.09e-94	333
chrI_RM:165491-167584_465..1115(+)	DFP22	95.489	133	6	0	1	133	1	133	5.56e-58	213
chrI_RM:165491-167584_465..1115(+)	REF_MST28	87.121	132	17	0	1	132	1	132	4.42e-39	150
chrI_RM:165491-167592_465..1115(+)	REF_PRM9	98.148	648	12	0	1	648	1	648	0.0	1131
chrI_RM:165491-167592_465..1115(+)	DFP19	87.234	329	38	2	312	636	290	618	8.67e-106	372
chrI_RM:165491-167592_465..1115(+)	REF_PRM8	78.958	518	88	18	1	506	1	509	4.09e-94	333
chrI_RM:165491-167592_465..1115(+)	DFP22	95.489	133	6	0	1	133	1	133	5.56e-58	213
chrI_RM:165491-167592_465..1115(+)	REF_MST28	87.121	132	17	0	1	132	1	132	4.42e-39	150
chrI_RM:165537-167592_419..1069(+)	REF_PRM9	98.148	648	12	0	1	648	1	648	0.0	1131
chrI_RM:165537-167592_419..1069(+)	DFP19	87.234	329	38	2	312	636	290	618	8.67e-106	372
chrI_RM:165537-167592_419..1069(+)	REF_PRM8	78.958	518	88	18	1	506	1	509	4.09e-94	333
chrI_RM:165537-167592_419..1069(+)	DFP22	95.489	133	6	0	1	133	1	133	5.56e-58	213
chrI_RM:165537-167592_419..1069(+)	REF_MST28	87.121	132	17	0	1	132	1	132	4.42e-39	150
chrI_RM:165559-167638_397..1047(+)	REF_PRM9	98.148	648	12	0	1	648	1	648	0.0	1131
chrI_RM:165559-167638_397..1047(+)	DFP19	87.234	329	38	2	312	636	290	618	8.67e-106	372
chrI_RM:165559-167638_397..1047(+)	REF_PRM8	78.958	518	88	18	1	506	1	509	4.09e-94	333
chrI_RM:165559-167638_397..1047(+)	DFP22	95.489	133	6	0	1	133	1	133	5.56e-58	213
chrI_RM:165559-167638_397..1047(+)	REF_MST28	87.121	132	17	0	1	132	1	132	4.42e-39	150
chrI_Y10:190826-192919_465..1148(+)	REF_PRM9	98.099	684	13	0	1	684	1	684	0.0	1192
chrI_Y10:190826-192919_465..1148(+)	DFP19	87.234	329	38	2	312	636	290	618	9.12e-106	372
chrI_Y10:190826-192919_465..1148(+)	REF_PRM8	78.958	518	88	18	1	506	1	509	4.30e-94	333
chrI_Y10:190826-192919_465..1148(+)	DFP22	95.489	133	6	0	1	133	1	133	5.85e-58	213
chrI_Y10:190826-192919_465..1148(+)	REF_MST28	87.121	132	17	0	1	132	1	132	4.65e-39	150
chrI_Y10:190826-192927_465..1148(+)	REF_PRM9	98.099	684	13	0	1	684	1	684	0.0	1192
chrI_Y10:190826-192927_465..1148(+)	DFP19	87.234	329	38	2	312	636	290	618	9.12e-106	372
chrI_Y10:190826-192927_465..1148(+)	REF_PRM8	78.958	518	88	18	1	506	1	509	4.30e-94	333
chrI_Y10:190826-192927_465..1148(+)	DFP22	95.489	133	6	0	1	133	1	133	5.85e-58	213
chrI_Y10:190826-192927_465..1148(+)	REF_MST28	87.121	132	17	0	1	132	1	132	4.65e-39	150
chrI_Y10:190872-192927_419..1102(+)	REF_PRM9	98.099	684	13	0	1	684	1	684	0.0	1192
chrI_Y10:190872-192927_419..1102(+)	DFP19	87.234	329	38	2	312	636	290	618	9.12e-106	372
chrI_Y10:190872-192927_419..1102(+)	REF_PRM8	78.958	518	88	18	1	506	1	509	4.30e-94	333
chrI_Y10:190872-192927_419..1102(+)	DFP22	95.489	133	6	0	1	133	1	133	5.85e-58	213
chrI_Y10:190872-192927_419..1102(+)	REF_MST28	87.121	132	17	0	1	132	1	132	4.65e-39	150
chrI_Y10:190894-192973_397..1080(+)	REF_PRM9	98.099	684	13	0	1	684	1	684	0.0	1192
chrI_Y10:190894-192973_397..1080(+)	DFP19	87.234	329	38	2	312	636	290	618	9.12e-106	372
chrI_Y10:190894-192973_397..1080(+)	REF_PRM8	78.958	518	88	18	1	506	1	509	4.30e-94	333
chrI_Y10:190894-192973_397..1080(+)	DFP22	95.489	133	6	0	1	133	1	133	5.85e-58	213
chrI_Y10:190894-192973_397..1080(+)	REF_MST28	87.121	132	17	0	1	132	1	132	4.65e-39	150
chrI_Y10:190895-192940_396..1079(+)	REF_PRM9	98.099	684	13	0	1	684	1	684	0.0	1192
chrI_Y10:190895-192940_396..1079(+)	DFP19	87.234	329	38	2	312	636	290	618	9.12e-106	372
chrI_Y10:190895-192940_396..1079(+)	REF_PRM8	78.958	518	88	18	1	506	1	509	4.30e-94	333
chrI_Y10:190895-192940_396..1079(+)	DFP22	95.489	133	6	0	1	133	1	133	5.85e-58	213
chrI_Y10:190895-192940_396..1079(+)	REF_MST28	87.121	132	17	0	1	132	1	132	4.65e-39	150
chrI_YJM978:187541-189680_954..1619(+)	DFP19	99.550	666	3	0	1	666	1	666	0.0	1214
chrI_YJM978:187541-189680_954..1619(+)	REF_PRM9	85.714	329	43	2	290	618	312	636	1.93e-97	344
chrI_YJM978:187541-189680_954..1619(+)	REF_PRM8	82.008	239	41	2	288	525	312	549	1.23e-54	202
chrI_YJM978:187541-189680_954..1619(+)	DFP23	81.743	241	44	0	285	525	309	549	1.23e-54	202
chrI_YJM978:187541-189680_954..1619(+)	DFP17	81.328	241	45	0	285	525	306	546	5.73e-53	196
chrI_YJM978:187541-189680_954..1619(+)	DFP16	81.328	241	45	0	285	525	309	549	5.73e-53	196
chrI_YJM978:187544-189685_951..1616(+)	DFP19	99.550	666	3	0	1	666	1	666	0.0	1214
chrI_YJM978:187544-189685_951..1616(+)	REF_PRM9	85.714	329	43	2	290	618	312	636	1.93e-97	344
chrI_YJM978:187544-189685_951..1616(+)	REF_PRM8	82.008	239	41	2	288	525	312	549	1.23e-54	202
chrI_YJM978:187544-189685_951..1616(+)	DFP23	81.743	241	44	0	285	525	309	549	1.23e-54	202
chrI_YJM978:187544-189685_951..1616(+)	DFP17	81.328	241	45	0	285	525	306	546	5.73e-53	196
chrI_YJM978:187544-189685_951..1616(+)	DFP16	81.328	241	45	0	285	525	309	549	5.73e-53	196
chrI_YJM978:187547-189620_948..1613(+)	DFP19	99.550	666	3	0	1	666	1	666	0.0	1214
chrI_YJM978:187547-189620_948..1613(+)	REF_PRM9	85.714	329	43	2	290	618	312	636	1.93e-97	344
chrI_YJM978:187547-189620_948..1613(+)	REF_PRM8	82.008	239	41	2	288	525	312	549	1.23e-54	202
chrI_YJM978:187547-189620_948..1613(+)	DFP23	81.743	241	44	0	285	525	309	549	1.23e-54	202
chrI_YJM978:187547-189620_948..1613(+)	DFP17	81.328	241	45	0	285	525	306	546	5.73e-53	196
chrI_YJM978:187547-189620_948..1613(+)	DFP16	81.328	241	45	0	285	525	309	549	5.73e-53	196
chrI_YJM978:187547-189628_948..1613(+)	DFP19	99.550	666	3	0	1	666	1	666	0.0	1214
chrI_YJM978:187547-189628_948..1613(+)	REF_PRM9	85.714	329	43	2	290	618	312	636	1.93e-97	344
chrI_YJM978:187547-189628_948..1613(+)	REF_PRM8	82.008	239	41	2	288	525	312	549	1.23e-54	202
chrI_YJM978:187547-189628_948..1613(+)	DFP23	81.743	241	44	0	285	525	309	549	1.23e-54	202
chrI_YJM978:187547-189628_948..1613(+)	DFP17	81.328	241	45	0	285	525	306	546	5.73e-53	196
chrI_YJM978:187547-189628_948..1613(+)	DFP16	81.328	241	45	0	285	525	309	549	5.73e-53	196
chrI_YJM978:187547-189633_948..1613(+)	DFP19	99.550	666	3	0	1	666	1	666	0.0	1214
chrI_YJM978:187547-189633_948..1613(+)	REF_PRM9	85.714	329	43	2	290	618	312	636	1.93e-97	344
chrI_YJM978:187547-189633_948..1613(+)	REF_PRM8	82.008	239	41	2	288	525	312	549	1.23e-54	202
chrI_YJM978:187547-189633_948..1613(+)	DFP23	81.743	241	44	0	285	525	309	549	1.23e-54	202
chrI_YJM978:187547-189633_948..1613(+)	DFP17	81.328	241	45	0	285	525	306	546	5.73e-53	196
chrI_YJM978:187547-189633_948..1613(+)	DFP16	81.328	241	45	0	285	525	309	549	5.73e-53	196
chrI_YJM978:187547-189680_948..1613(+)	DFP19	99.550	666	3	0	1	666	1	666	0.0	1214
chrI_YJM978:187547-189680_948..1613(+)	REF_PRM9	85.714	329	43	2	290	618	312	636	1.93e-97	344
chrI_YJM978:187547-189680_948..1613(+)	REF_PRM8	82.008	239	41	2	288	525	312	549	1.23e-54	202
chrI_YJM978:187547-189680_948..1613(+)	DFP23	81.743	241	44	0	285	525	309	549	1.23e-54	202
chrI_YJM978:187547-189680_948..1613(+)	DFP17	81.328	241	45	0	285	525	306	546	5.73e-53	196
chrI_YJM978:187547-189680_948..1613(+)	DFP16	81.328	241	45	0	285	525	309	549	5.73e-53	196
chrI_YJM978:187547-189685_948..1613(+)	DFP19	99.550	666	3	0	1	666	1	666	0.0	1214
chrI_YJM978:187547-189685_948..1613(+)	REF_PRM9	85.714	329	43	2	290	618	312	636	1.93e-97	344
chrI_YJM978:187547-189685_948..1613(+)	REF_PRM8	82.008	239	41	2	288	525	312	549	1.23e-54	202
chrI_YJM978:187547-189685_948..1613(+)	DFP23	81.743	241	44	0	285	525	309	549	1.23e-54	202
chrI_YJM978:187547-189685_948..1613(+)	DFP17	81.328	241	45	0	285	525	306	546	5.73e-53	196
chrI_YJM978:187547-189685_948..1613(+)	DFP16	81.328	241	45	0	285	525	309	549	5.73e-53	196
chrI_YJM978:187547-189917_948..1613(+)	DFP19	99.550	666	3	0	1	666	1	666	0.0	1214
chrI_YJM978:187547-189917_948..1613(+)	REF_PRM9	85.714	329	43	2	290	618	312	636	1.93e-97	344
chrI_YJM978:187547-189917_948..1613(+)	REF_PRM8	82.008	239	41	2	288	525	312	549	1.23e-54	202
chrI_YJM978:187547-189917_948..1613(+)	DFP23	81.743	241	44	0	285	525	309	549	1.23e-54	202
chrI_YJM978:187547-189917_948..1613(+)	DFP17	81.328	241	45	0	285	525	306	546	5.73e-53	196
chrI_YJM978:187547-189917_948..1613(+)	DFP16	81.328	241	45	0	285	525	309	549	5.73e-53	196
chrI_YJM978:187548-189612_947..1612(+)	DFP19	99.550	666	3	0	1	666	1	666	0.0	1214
chrI_YJM978:187548-189612_947..1612(+)	REF_PRM9	85.714	329	43	2	290	618	312	636	1.93e-97	344
chrI_YJM978:187548-189612_947..1612(+)	REF_PRM8	82.008	239	41	2	288	525	312	549	1.23e-54	202
chrI_YJM978:187548-189612_947..1612(+)	DFP23	81.743	241	44	0	285	525	309	549	1.23e-54	202
chrI_YJM978:187548-189612_947..1612(+)	DFP17	81.328	241	45	0	285	525	306	546	5.73e-53	196
chrI_YJM978:187548-189612_947..1612(+)	DFP16	81.328	241	45	0	285	525	309	549	5.73e-53	196
chrI_YJM978:187770-190005_725..1390(+)	DFP19	99.550	666	3	0	1	666	1	666	0.0	1214
chrI_YJM978:187770-190005_725..1390(+)	REF_PRM9	85.714	329	43	2	290	618	312	636	1.93e-97	344
chrI_YJM978:187770-190005_725..1390(+)	REF_PRM8	82.008	239	41	2	288	525	312	549	1.23e-54	202
chrI_YJM978:187770-190005_725..1390(+)	DFP23	81.743	241	44	0	285	525	309	549	1.23e-54	202
chrI_YJM978:187770-190005_725..1390(+)	DFP17	81.328	241	45	0	285	525	306	546	5.73e-53	196
chrI_YJM978:187770-190005_725..1390(+)	DFP16	81.328	241	45	0	285	525	309	549	5.73e-53	196
chrI_YJM978:187778-189964_717..1382(+)	DFP19	99.550	666	3	0	1	666	1	666	0.0	1214
chrI_YJM978:187778-189964_717..1382(+)	REF_PRM9	85.714	329	43	2	290	618	312	636	1.93e-97	344
chrI_YJM978:187778-189964_717..1382(+)	REF_PRM8	82.008	239	41	2	288	525	312	549	1.23e-54	202
chrI_YJM978:187778-189964_717..1382(+)	DFP23	81.743	241	44	0	285	525	309	549	1.23e-54	202
chrI_YJM978:187778-189964_717..1382(+)	DFP17	81.328	241	45	0	285	525	306	546	5.73e-53	196
chrI_YJM978:187778-189964_717..1382(+)	DFP16	81.328	241	45	0	285	525	309	549	5.73e-53	196
chrI_YJM978:187778-189965_717..1382(+)	DFP19	99.550	666	3	0	1	666	1	666	0.0	1214
chrI_YJM978:187778-189965_717..1382(+)	REF_PRM9	85.714	329	43	2	290	618	312	636	1.93e-97	344
chrI_YJM978:187778-189965_717..1382(+)	REF_PRM8	82.008	239	41	2	288	525	312	549	1.23e-54	202
chrI_YJM978:187778-189965_717..1382(+)	DFP23	81.743	241	44	0	285	525	309	549	1.23e-54	202
chrI_YJM978:187778-189965_717..1382(+)	DFP17	81.328	241	45	0	285	525	306	546	5.73e-53	196
chrI_YJM978:187778-189965_717..1382(+)	DFP16	81.328	241	45	0	285	525	309	549	5.73e-53	196
chrI_YJM978:187778-190018_717..1382(+)	DFP19	99.550	666	3	0	1	666	1	666	0.0	1214
chrI_YJM978:187778-190018_717..1382(+)	REF_PRM9	85.714	329	43	2	290	618	312	636	1.93e-97	344
chrI_YJM978:187778-190018_717..1382(+)	REF_PRM8	82.008	239	41	2	288	525	312	549	1.23e-54	202
chrI_YJM978:187778-190018_717..1382(+)	DFP23	81.743	241	44	0	285	525	309	549	1.23e-54	202
chrI_YJM978:187778-190018_717..1382(+)	DFP17	81.328	241	45	0	285	525	306	546	5.73e-53	196
chrI_YJM978:187778-190018_717..1382(+)	DFP16	81.328	241	45	0	285	525	309	549	5.73e-53	196
chrI_YJM978:187781-190018_714..1379(+)	DFP19	99.550	666	3	0	1	666	1	666	0.0	1214
chrI_YJM978:187781-190018_714..1379(+)	REF_PRM9	85.714	329	43	2	290	618	312	636	1.93e-97	344
chrI_YJM978:187781-190018_714..1379(+)	REF_PRM8	82.008	239	41	2	288	525	312	549	1.23e-54	202
chrI_YJM978:187781-190018_714..1379(+)	DFP23	81.743	241	44	0	285	525	309	549	1.23e-54	202
chrI_YJM978:187781-190018_714..1379(+)	DFP17	81.328	241	45	0	285	525	306	546	5.73e-53	196
chrI_YJM978:187781-190018_714..1379(+)	DFP16	81.328	241	45	0	285	525	309	549	5.73e-53	196
chrI_YJM978:187782-189836_713..1378(+)	DFP19	99.550	666	3	0	1	666	1	666	0.0	1214
chrI_YJM978:187782-189836_713..1378(+)	REF_PRM9	85.714	329	43	2	290	618	312	636	1.93e-97	344
chrI_YJM978:187782-189836_713..1378(+)	REF_PRM8	82.008	239	41	2	288	525	312	549	1.23e-54	202
chrI_YJM978:187782-189836_713..1378(+)	DFP23	81.743	241	44	0	285	525	309	549	1.23e-54	202
chrI_YJM978:187782-189836_713..1378(+)	DFP17	81.328	241	45	0	285	525	306	546	5.73e-53	196
chrI_YJM978:187782-189836_713..1378(+)	DFP16	81.328	241	45	0	285	525	309	549	5.73e-53	196
chrI_YJM978:187782-189898_713..1378(+)	DFP19	99.550	666	3	0	1	666	1	666	0.0	1214
chrI_YJM978:187782-189898_713..1378(+)	REF_PRM9	85.714	329	43	2	290	618	312	636	1.93e-97	344
chrI_YJM978:187782-189898_713..1378(+)	REF_PRM8	82.008	239	41	2	288	525	312	549	1.23e-54	202
chrI_YJM978:187782-189898_713..1378(+)	DFP23	81.743	241	44	0	285	525	309	549	1.23e-54	202
chrI_YJM978:187782-189898_713..1378(+)	DFP17	81.328	241	45	0	285	525	306	546	5.73e-53	196
chrI_YJM978:187782-189898_713..1378(+)	DFP16	81.328	241	45	0	285	525	309	549	5.73e-53	196
chrI_YJM978:187782-189936_713..1378(+)	DFP19	99.550	666	3	0	1	666	1	666	0.0	1214
chrI_YJM978:187782-189936_713..1378(+)	REF_PRM9	85.714	329	43	2	290	618	312	636	1.93e-97	344
chrI_YJM978:187782-189936_713..1378(+)	REF_PRM8	82.008	239	41	2	288	525	312	549	1.23e-54	202
chrI_YJM978:187782-189936_713..1378(+)	DFP23	81.743	241	44	0	285	525	309	549	1.23e-54	202
chrI_YJM978:187782-189936_713..1378(+)	DFP17	81.328	241	45	0	285	525	306	546	5.73e-53	196
chrI_YJM978:187782-189936_713..1378(+)	DFP16	81.328	241	45	0	285	525	309	549	5.73e-53	196
chrI_YJM978:187783-190018_712..1377(+)	DFP19	99.550	666	3	0	1	666	1	666	0.0	1214
chrI_YJM978:187783-190018_712..1377(+)	REF_PRM9	85.714	329	43	2	290	618	312	636	1.93e-97	344
chrI_YJM978:187783-190018_712..1377(+)	REF_PRM8	82.008	239	41	2	288	525	312	549	1.23e-54	202
chrI_YJM978:187783-190018_712..1377(+)	DFP23	81.743	241	44	0	285	525	309	549	1.23e-54	202
chrI_YJM978:187783-190018_712..1377(+)	DFP17	81.328	241	45	0	285	525	306	546	5.73e-53	196
chrI_YJM978:187783-190018_712..1377(+)	DFP16	81.328	241	45	0	285	525	309	549	5.73e-53	196
chrI_YJM978:187784-189918_711..1376(+)	DFP19	99.550	666	3	0	1	666	1	666	0.0	1214
chrI_YJM978:187784-189918_711..1376(+)	REF_PRM9	85.714	329	43	2	290	618	312	636	1.93e-97	344
chrI_YJM978:187784-189918_711..1376(+)	REF_PRM8	82.008	239	41	2	288	525	312	549	1.23e-54	202
chrI_YJM978:187784-189918_711..1376(+)	DFP23	81.743	241	44	0	285	525	309	549	1.23e-54	202
chrI_YJM978:187784-189918_711..1376(+)	DFP17	81.328	241	45	0	285	525	306	546	5.73e-53	196
chrI_YJM978:187784-189918_711..1376(+)	DFP16	81.328	241	45	0	285	525	309	549	5.73e-53	196
chrI_YJM978:187795-189962_700..1365(+)	DFP19	99.550	666	3	0	1	666	1	666	0.0	1214
chrI_YJM978:187795-189962_700..1365(+)	REF_PRM9	85.714	329	43	2	290	618	312	636	1.93e-97	344
chrI_YJM978:187795-189962_700..1365(+)	REF_PRM8	82.008	239	41	2	288	525	312	549	1.23e-54	202
chrI_YJM978:187795-189962_700..1365(+)	DFP23	81.743	241	44	0	285	525	309	549	1.23e-54	202
chrI_YJM978:187795-189962_700..1365(+)	DFP17	81.328	241	45	0	285	525	306	546	5.73e-53	196
chrI_YJM978:187795-189962_700..1365(+)	DFP16	81.328	241	45	0	285	525	309	549	5.73e-53	196
chrI_YJM978:187836-189917_659..1324(+)	DFP19	99.550	666	3	0	1	666	1	666	0.0	1214
chrI_YJM978:187836-189917_659..1324(+)	REF_PRM9	85.714	329	43	2	290	618	312	636	1.93e-97	344
chrI_YJM978:187836-189917_659..1324(+)	REF_PRM8	82.008	239	41	2	288	525	312	549	1.23e-54	202
chrI_YJM978:187836-189917_659..1324(+)	DFP23	81.743	241	44	0	285	525	309	549	1.23e-54	202
chrI_YJM978:187836-189917_659..1324(+)	DFP17	81.328	241	45	0	285	525	306	546	5.73e-53	196
chrI_YJM978:187836-189917_659..1324(+)	DFP16	81.328	241	45	0	285	525	309	549	5.73e-53	196
chrI_YJM978:187837-189936_658..1323(+)	DFP19	99.550	666	3	0	1	666	1	666	0.0	1214
chrI_YJM978:187837-189936_658..1323(+)	REF_PRM9	85.714	329	43	2	290	618	312	636	1.93e-97	344
chrI_YJM978:187837-189936_658..1323(+)	REF_PRM8	82.008	239	41	2	288	525	312	549	1.23e-54	202
chrI_YJM978:187837-189936_658..1323(+)	DFP23	81.743	241	44	0	285	525	309	549	1.23e-54	202
chrI_YJM978:187837-189936_658..1323(+)	DFP17	81.328	241	45	0	285	525	306	546	5.73e-53	196
chrI_YJM978:187837-189936_658..1323(+)	DFP16	81.328	241	45	0	285	525	309	549	5.73e-53	196
chrI_YJM978:187879-189980_616..1281(+)	DFP19	99.550	666	3	0	1	666	1	666	0.0	1214
chrI_YJM978:187879-189980_616..1281(+)	REF_PRM9	85.714	329	43	2	290	618	312	636	1.93e-97	344
chrI_YJM978:187879-189980_616..1281(+)	REF_PRM8	82.008	239	41	2	288	525	312	549	1.23e-54	202
chrI_YJM978:187879-189980_616..1281(+)	DFP23	81.743	241	44	0	285	525	309	549	1.23e-54	202
chrI_YJM978:187879-189980_616..1281(+)	DFP17	81.328	241	45	0	285	525	306	546	5.73e-53	196
chrI_YJM978:187879-189980_616..1281(+)	DFP16	81.328	241	45	0	285	525	309	549	5.73e-53	196
chrI_YJM978:188032-190128_463..1128(+)	DFP19	99.550	666	3	0	1	666	1	666	0.0	1214
chrI_YJM978:188032-190128_463..1128(+)	REF_PRM9	85.714	329	43	2	290	618	312	636	1.93e-97	344
chrI_YJM978:188032-190128_463..1128(+)	REF_PRM8	82.008	239	41	2	288	525	312	549	1.23e-54	202
chrI_YJM978:188032-190128_463..1128(+)	DFP23	81.743	241	44	0	285	525	309	549	1.23e-54	202
chrI_YJM978:188032-190128_463..1128(+)	DFP17	81.328	241	45	0	285	525	306	546	5.73e-53	196
chrI_YJM978:188032-190128_463..1128(+)	DFP16	81.328	241	45	0	285	525	309	549	5.73e-53	196
chrI_YJM978:188032-190130_463..1128(+)	DFP19	99.550	666	3	0	1	666	1	666	0.0	1214
chrI_YJM978:188032-190130_463..1128(+)	REF_PRM9	85.714	329	43	2	290	618	312	636	1.93e-97	344
chrI_YJM978:188032-190130_463..1128(+)	REF_PRM8	82.008	239	41	2	288	525	312	549	1.23e-54	202
chrI_YJM978:188032-190130_463..1128(+)	DFP23	81.743	241	44	0	285	525	309	549	1.23e-54	202
chrI_YJM978:188032-190130_463..1128(+)	DFP17	81.328	241	45	0	285	525	306	546	5.73e-53	196
chrI_YJM978:188032-190130_463..1128(+)	DFP16	81.328	241	45	0	285	525	309	549	5.73e-53	196
chrI_YJM978:188033-190125_462..1127(+)	DFP19	99.550	666	3	0	1	666	1	666	0.0	1214
chrI_YJM978:188033-190125_462..1127(+)	REF_PRM9	85.714	329	43	2	290	618	312	636	1.93e-97	344
chrI_YJM978:188033-190125_462..1127(+)	REF_PRM8	82.008	239	41	2	288	525	312	549	1.23e-54	202
chrI_YJM978:188033-190125_462..1127(+)	DFP23	81.743	241	44	0	285	525	309	549	1.23e-54	202
chrI_YJM978:188033-190125_462..1127(+)	DFP17	81.328	241	45	0	285	525	306	546	5.73e-53	196
chrI_YJM978:188033-190125_462..1127(+)	DFP16	81.328	241	45	0	285	525	309	549	5.73e-53	196
chrI_YJM978:188033-190128_462..1127(+)	DFP19	99.550	666	3	0	1	666	1	666	0.0	1214
chrI_YJM978:188033-190128_462..1127(+)	REF_PRM9	85.714	329	43	2	290	618	312	636	1.93e-97	344
chrI_YJM978:188033-190128_462..1127(+)	REF_PRM8	82.008	239	41	2	288	525	312	549	1.23e-54	202
chrI_YJM978:188033-190128_462..1127(+)	DFP23	81.743	241	44	0	285	525	309	549	1.23e-54	202
chrI_YJM978:188033-190128_462..1127(+)	DFP17	81.328	241	45	0	285	525	306	546	5.73e-53	196
chrI_YJM978:188033-190128_462..1127(+)	DFP16	81.328	241	45	0	285	525	309	549	5.73e-53	196
chrI_YJM978:188080-190116_415..1080(+)	DFP19	99.550	666	3	0	1	666	1	666	0.0	1214
chrI_YJM978:188080-190116_415..1080(+)	REF_PRM9	85.714	329	43	2	290	618	312	636	1.93e-97	344
chrI_YJM978:188080-190116_415..1080(+)	REF_PRM8	82.008	239	41	2	288	525	312	549	1.23e-54	202
chrI_YJM978:188080-190116_415..1080(+)	DFP23	81.743	241	44	0	285	525	309	549	1.23e-54	202
chrI_YJM978:188080-190116_415..1080(+)	DFP17	81.328	241	45	0	285	525	306	546	5.73e-53	196
chrI_YJM978:188080-190116_415..1080(+)	DFP16	81.328	241	45	0	285	525	309	549	5.73e-53	196
chrI_YJM978:188081-190110_414..1079(+)	DFP19	99.550	666	3	0	1	666	1	666	0.0	1214
chrI_YJM978:188081-190110_414..1079(+)	REF_PRM9	85.714	329	43	2	290	618	312	636	1.93e-97	344
chrI_YJM978:188081-190110_414..1079(+)	REF_PRM8	82.008	239	41	2	288	525	312	549	1.23e-54	202
chrI_YJM978:188081-190110_414..1079(+)	DFP23	81.743	241	44	0	285	525	309	549	1.23e-54	202
chrI_YJM978:188081-190110_414..1079(+)	DFP17	81.328	241	45	0	285	525	306	546	5.73e-53	196
chrI_YJM978:188081-190110_414..1079(+)	DFP16	81.328	241	45	0	285	525	309	549	5.73e-53	196
chrI_YJM978:188081-190124_414..1079(+)	DFP19	99.550	666	3	0	1	666	1	666	0.0	1214
chrI_YJM978:188081-190124_414..1079(+)	REF_PRM9	85.714	329	43	2	290	618	312	636	1.93e-97	344
chrI_YJM978:188081-190124_414..1079(+)	REF_PRM8	82.008	239	41	2	288	525	312	549	1.23e-54	202
chrI_YJM978:188081-190124_414..1079(+)	DFP23	81.743	241	44	0	285	525	309	549	1.23e-54	202
chrI_YJM978:188081-190124_414..1079(+)	DFP17	81.328	241	45	0	285	525	306	546	5.73e-53	196
chrI_YJM978:188081-190124_414..1079(+)	DFP16	81.328	241	45	0	285	525	309	549	5.73e-53	196
chrI_YJM978:188081-190130_414..1079(+)	DFP19	99.550	666	3	0	1	666	1	666	0.0	1214
chrI_YJM978:188081-190130_414..1079(+)	REF_PRM9	85.714	329	43	2	290	618	312	636	1.93e-97	344
chrI_YJM978:188081-190130_414..1079(+)	REF_PRM8	82.008	239	41	2	288	525	312	549	1.23e-54	202
chrI_YJM978:188081-190130_414..1079(+)	DFP23	81.743	241	44	0	285	525	309	549	1.23e-54	202
chrI_YJM978:188081-190130_414..1079(+)	DFP17	81.328	241	45	0	285	525	306	546	5.73e-53	196
chrI_YJM978:188081-190130_414..1079(+)	DFP16	81.328	241	45	0	285	525	309	549	5.73e-53	196
chrI_YJM981:175976-178069_465..1148(+)	REF_PRM9	98.099	684	13	0	1	684	1	684	0.0	1192
chrI_YJM981:175976-178069_465..1148(+)	DFP19	87.234	329	38	2	312	636	290	618	9.12e-106	372
chrI_YJM981:175976-178069_465..1148(+)	REF_PRM8	78.958	518	88	18	1	506	1	509	4.30e-94	333
chrI_YJM981:175976-178069_465..1148(+)	DFP22	95.489	133	6	0	1	133	1	133	5.85e-58	213
chrI_YJM981:175976-178069_465..1148(+)	REF_MST28	87.121	132	17	0	1	132	1	132	4.65e-39	150
chrI_YJM981:175976-178077_465..1148(+)	REF_PRM9	98.099	684	13	0	1	684	1	684	0.0	1192
chrI_YJM981:175976-178077_465..1148(+)	DFP19	87.234	329	38	2	312	636	290	618	9.12e-106	372
chrI_YJM981:175976-178077_465..1148(+)	REF_PRM8	78.958	518	88	18	1	506	1	509	4.30e-94	333
chrI_YJM981:175976-178077_465..1148(+)	DFP22	95.489	133	6	0	1	133	1	133	5.85e-58	213
chrI_YJM981:175976-178077_465..1148(+)	REF_MST28	87.121	132	17	0	1	132	1	132	4.65e-39	150
chrI_YJM981:176022-178077_419..1102(+)	REF_PRM9	98.099	684	13	0	1	684	1	684	0.0	1192
chrI_YJM981:176022-178077_419..1102(+)	DFP19	87.234	329	38	2	312	636	290	618	9.12e-106	372
chrI_YJM981:176022-178077_419..1102(+)	REF_PRM8	78.958	518	88	18	1	506	1	509	4.30e-94	333
chrI_YJM981:176022-178077_419..1102(+)	DFP22	95.489	133	6	0	1	133	1	133	5.85e-58	213
chrI_YJM981:176022-178077_419..1102(+)	REF_MST28	87.121	132	17	0	1	132	1	132	4.65e-39	150
chrI_YJM981:176044-178123_397..1080(+)	REF_PRM9	98.099	684	13	0	1	684	1	684	0.0	1192
chrI_YJM981:176044-178123_397..1080(+)	DFP19	87.234	329	38	2	312	636	290	618	9.12e-106	372
chrI_YJM981:176044-178123_397..1080(+)	REF_PRM8	78.958	518	88	18	1	506	1	509	4.30e-94	333
chrI_YJM981:176044-178123_397..1080(+)	DFP22	95.489	133	6	0	1	133	1	133	5.85e-58	213
chrI_YJM981:176044-178123_397..1080(+)	REF_MST28	87.121	132	17	0	1	132	1	132	4.65e-39	150
chrI_YJM981:176045-178090_396..1079(+)	REF_PRM9	98.099	684	13	0	1	684	1	684	0.0	1192
chrI_YJM981:176045-178090_396..1079(+)	DFP19	87.234	329	38	2	312	636	290	618	9.12e-106	372
chrI_YJM981:176045-178090_396..1079(+)	REF_PRM8	78.958	518	88	18	1	506	1	509	4.30e-94	333
chrI_YJM981:176045-178090_396..1079(+)	DFP22	95.489	133	6	0	1	133	1	133	5.85e-58	213
chrI_YJM981:176045-178090_396..1079(+)	REF_MST28	87.121	132	17	0	1	132	1	132	4.65e-39	150
chrI_YPS163:179278-181371_465..1148(+)	REF_PRM9	99.708	684	2	0	1	684	1	684	0.0	1253
chrI_YPS163:179278-181371_465..1148(+)	REF_PRM8	79.730	518	84	18	1	506	1	509	9.19e-101	355
chrI_YPS163:179278-181371_465..1148(+)	REF_PRM8	95.000	80	4	0	605	684	635	714	7.84e-32	126
chrI_YPS163:179278-181371_465..1148(+)	DFP22	95.489	133	6	0	1	133	1	133	5.85e-58	213
chrI_YPS163:179278-181371_465..1148(+)	REF_MST28	87.121	132	17	0	1	132	1	132	4.65e-39	150
chrI_YPS163:179301-181379_442..1125(+)	REF_PRM9	99.708	684	2	0	1	684	1	684	0.0	1253
chrI_YPS163:179301-181379_442..1125(+)	REF_PRM8	79.730	518	84	18	1	506	1	509	9.19e-101	355
chrI_YPS163:179301-181379_442..1125(+)	REF_PRM8	95.000	80	4	0	605	684	635	714	7.84e-32	126
chrI_YPS163:179301-181379_442..1125(+)	DFP22	95.489	133	6	0	1	133	1	133	5.85e-58	213
chrI_YPS163:179301-181379_442..1125(+)	REF_MST28	87.121	132	17	0	1	132	1	132	4.65e-39	150
chrI_YPS163:179346-181425_397..1080(+)	REF_PRM9	99.708	684	2	0	1	684	1	684	0.0	1253
chrI_YPS163:179346-181425_397..1080(+)	REF_PRM8	79.730	518	84	18	1	506	1	509	9.19e-101	355
chrI_YPS163:179346-181425_397..1080(+)	REF_PRM8	95.000	80	4	0	605	684	635	714	7.84e-32	126
chrI_YPS163:179346-181425_397..1080(+)	DFP22	95.489	133	6	0	1	133	1	133	5.85e-58	213
chrI_YPS163:179346-181425_397..1080(+)	REF_MST28	87.121	132	17	0	1	132	1	132	4.65e-39	150
chrVII_YJM978:417111-419250_954..1619(+)	DFP19	99.550	666	3	0	1	666	1	666	0.0	1214
chrVII_YJM978:417111-419250_954..1619(+)	REF_PRM9	85.714	329	43	2	290	618	312	636	1.93e-97	344
chrVII_YJM978:417111-419250_954..1619(+)	REF_PRM8	82.008	239	41	2	288	525	312	549	1.23e-54	202
chrVII_YJM978:417111-419250_954..1619(+)	DFP23	81.743	241	44	0	285	525	309	549	1.23e-54	202
chrVII_YJM978:417111-419250_954..1619(+)	DFP17	81.328	241	45	0	285	525	306	546	5.73e-53	196
chrVII_YJM978:417111-419250_954..1619(+)	DFP16	81.328	241	45	0	285	525	309	549	5.73e-53	196
chrVII_YJM978:417114-419255_951..1616(+)	DFP19	99.550	666	3	0	1	666	1	666	0.0	1214
chrVII_YJM978:417114-419255_951..1616(+)	REF_PRM9	85.714	329	43	2	290	618	312	636	1.93e-97	344
chrVII_YJM978:417114-419255_951..1616(+)	REF_PRM8	82.008	239	41	2	288	525	312	549	1.23e-54	202
chrVII_YJM978:417114-419255_951..1616(+)	DFP23	81.743	241	44	0	285	525	309	549	1.23e-54	202
chrVII_YJM978:417114-419255_951..1616(+)	DFP17	81.328	241	45	0	285	525	306	546	5.73e-53	196
chrVII_YJM978:417114-419255_951..1616(+)	DFP16	81.328	241	45	0	285	525	309	549	5.73e-53	196
chrVII_YJM978:417117-419190_948..1613(+)	DFP19	99.550	666	3	0	1	666	1	666	0.0	1214
chrVII_YJM978:417117-419190_948..1613(+)	REF_PRM9	85.714	329	43	2	290	618	312	636	1.93e-97	344
chrVII_YJM978:417117-419190_948..1613(+)	REF_PRM8	82.008	239	41	2	288	525	312	549	1.23e-54	202
chrVII_YJM978:417117-419190_948..1613(+)	DFP23	81.743	241	44	0	285	525	309	549	1.23e-54	202
chrVII_YJM978:417117-419190_948..1613(+)	DFP17	81.328	241	45	0	285	525	306	546	5.73e-53	196
chrVII_YJM978:417117-419190_948..1613(+)	DFP16	81.328	241	45	0	285	525	309	549	5.73e-53	196
chrVII_YJM978:417117-419198_948..1613(+)	DFP19	99.550	666	3	0	1	666	1	666	0.0	1214
chrVII_YJM978:417117-419198_948..1613(+)	REF_PRM9	85.714	329	43	2	290	618	312	636	1.93e-97	344
chrVII_YJM978:417117-419198_948..1613(+)	REF_PRM8	82.008	239	41	2	288	525	312	549	1.23e-54	202
chrVII_YJM978:417117-419198_948..1613(+)	DFP23	81.743	241	44	0	285	525	309	549	1.23e-54	202
chrVII_YJM978:417117-419198_948..1613(+)	DFP17	81.328	241	45	0	285	525	306	546	5.73e-53	196
chrVII_YJM978:417117-419198_948..1613(+)	DFP16	81.328	241	45	0	285	525	309	549	5.73e-53	196
chrVII_YJM978:417117-419203_948..1613(+)	DFP19	99.550	666	3	0	1	666	1	666	0.0	1214
chrVII_YJM978:417117-419203_948..1613(+)	REF_PRM9	85.714	329	43	2	290	618	312	636	1.93e-97	344
chrVII_YJM978:417117-419203_948..1613(+)	REF_PRM8	82.008	239	41	2	288	525	312	549	1.23e-54	202
chrVII_YJM978:417117-419203_948..1613(+)	DFP23	81.743	241	44	0	285	525	309	549	1.23e-54	202
chrVII_YJM978:417117-419203_948..1613(+)	DFP17	81.328	241	45	0	285	525	306	546	5.73e-53	196
chrVII_YJM978:417117-419203_948..1613(+)	DFP16	81.328	241	45	0	285	525	309	549	5.73e-53	196
chrVII_YJM978:417117-419250_948..1613(+)	DFP19	99.550	666	3	0	1	666	1	666	0.0	1214
chrVII_YJM978:417117-419250_948..1613(+)	REF_PRM9	85.714	329	43	2	290	618	312	636	1.93e-97	344
chrVII_YJM978:417117-419250_948..1613(+)	REF_PRM8	82.008	239	41	2	288	525	312	549	1.23e-54	202
chrVII_YJM978:417117-419250_948..1613(+)	DFP23	81.743	241	44	0	285	525	309	549	1.23e-54	202
chrVII_YJM978:417117-419250_948..1613(+)	DFP17	81.328	241	45	0	285	525	306	546	5.73e-53	196
chrVII_YJM978:417117-419250_948..1613(+)	DFP16	81.328	241	45	0	285	525	309	549	5.73e-53	196
chrVII_YJM978:417117-419255_948..1613(+)	DFP19	99.550	666	3	0	1	666	1	666	0.0	1214
chrVII_YJM978:417117-419255_948..1613(+)	REF_PRM9	85.714	329	43	2	290	618	312	636	1.93e-97	344
chrVII_YJM978:417117-419255_948..1613(+)	REF_PRM8	82.008	239	41	2	288	525	312	549	1.23e-54	202
chrVII_YJM978:417117-419255_948..1613(+)	DFP23	81.743	241	44	0	285	525	309	549	1.23e-54	202
chrVII_YJM978:417117-419255_948..1613(+)	DFP17	81.328	241	45	0	285	525	306	546	5.73e-53	196
chrVII_YJM978:417117-419255_948..1613(+)	DFP16	81.328	241	45	0	285	525	309	549	5.73e-53	196
chrVII_YJM978:417117-419487_948..1613(+)	DFP19	99.550	666	3	0	1	666	1	666	0.0	1214
chrVII_YJM978:417117-419487_948..1613(+)	REF_PRM9	85.714	329	43	2	290	618	312	636	1.93e-97	344
chrVII_YJM978:417117-419487_948..1613(+)	REF_PRM8	82.008	239	41	2	288	525	312	549	1.23e-54	202
chrVII_YJM978:417117-419487_948..1613(+)	DFP23	81.743	241	44	0	285	525	309	549	1.23e-54	202
chrVII_YJM978:417117-419487_948..1613(+)	DFP17	81.328	241	45	0	285	525	306	546	5.73e-53	196
chrVII_YJM978:417117-419487_948..1613(+)	DFP16	81.328	241	45	0	285	525	309	549	5.73e-53	196
chrVII_YJM978:417118-419182_947..1612(+)	DFP19	99.550	666	3	0	1	666	1	666	0.0	1214
chrVII_YJM978:417118-419182_947..1612(+)	REF_PRM9	85.714	329	43	2	290	618	312	636	1.93e-97	344
chrVII_YJM978:417118-419182_947..1612(+)	REF_PRM8	82.008	239	41	2	288	525	312	549	1.23e-54	202
chrVII_YJM978:417118-419182_947..1612(+)	DFP23	81.743	241	44	0	285	525	309	549	1.23e-54	202
chrVII_YJM978:417118-419182_947..1612(+)	DFP17	81.328	241	45	0	285	525	306	546	5.73e-53	196
chrVII_YJM978:417118-419182_947..1612(+)	DFP16	81.328	241	45	0	285	525	309	549	5.73e-53	196
chrVII_YJM978:417340-419575_725..1390(+)	DFP19	99.550	666	3	0	1	666	1	666	0.0	1214
chrVII_YJM978:417340-419575_725..1390(+)	REF_PRM9	85.714	329	43	2	290	618	312	636	1.93e-97	344
chrVII_YJM978:417340-419575_725..1390(+)	REF_PRM8	82.008	239	41	2	288	525	312	549	1.23e-54	202
chrVII_YJM978:417340-419575_725..1390(+)	DFP23	81.743	241	44	0	285	525	309	549	1.23e-54	202
chrVII_YJM978:417340-419575_725..1390(+)	DFP17	81.328	241	45	0	285	525	306	546	5.73e-53	196
chrVII_YJM978:417340-419575_725..1390(+)	DFP16	81.328	241	45	0	285	525	309	549	5.73e-53	196
chrVII_YJM978:417348-419534_717..1382(+)	DFP19	99.550	666	3	0	1	666	1	666	0.0	1214
chrVII_YJM978:417348-419534_717..1382(+)	REF_PRM9	85.714	329	43	2	290	618	312	636	1.93e-97	344
chrVII_YJM978:417348-419534_717..1382(+)	REF_PRM8	82.008	239	41	2	288	525	312	549	1.23e-54	202
chrVII_YJM978:417348-419534_717..1382(+)	DFP23	81.743	241	44	0	285	525	309	549	1.23e-54	202
chrVII_YJM978:417348-419534_717..1382(+)	DFP17	81.328	241	45	0	285	525	306	546	5.73e-53	196
chrVII_YJM978:417348-419534_717..1382(+)	DFP16	81.328	241	45	0	285	525	309	549	5.73e-53	196
chrVII_YJM978:417348-419535_717..1382(+)	DFP19	99.550	666	3	0	1	666	1	666	0.0	1214
chrVII_YJM978:417348-419535_717..1382(+)	REF_PRM9	85.714	329	43	2	290	618	312	636	1.93e-97	344
chrVII_YJM978:417348-419535_717..1382(+)	REF_PRM8	82.008	239	41	2	288	525	312	549	1.23e-54	202
chrVII_YJM978:417348-419535_717..1382(+)	DFP23	81.743	241	44	0	285	525	309	549	1.23e-54	202
chrVII_YJM978:417348-419535_717..1382(+)	DFP17	81.328	241	45	0	285	525	306	546	5.73e-53	196
chrVII_YJM978:417348-419535_717..1382(+)	DFP16	81.328	241	45	0	285	525	309	549	5.73e-53	196
chrVII_YJM978:417348-419588_717..1382(+)	DFP19	99.550	666	3	0	1	666	1	666	0.0	1214
chrVII_YJM978:417348-419588_717..1382(+)	REF_PRM9	85.714	329	43	2	290	618	312	636	1.93e-97	344
chrVII_YJM978:417348-419588_717..1382(+)	REF_PRM8	82.008	239	41	2	288	525	312	549	1.23e-54	202
chrVII_YJM978:417348-419588_717..1382(+)	DFP23	81.743	241	44	0	285	525	309	549	1.23e-54	202
chrVII_YJM978:417348-419588_717..1382(+)	DFP17	81.328	241	45	0	285	525	306	546	5.73e-53	196
chrVII_YJM978:417348-419588_717..1382(+)	DFP16	81.328	241	45	0	285	525	309	549	5.73e-53	196
chrVII_YJM978:417351-419588_714..1379(+)	DFP19	99.550	666	3	0	1	666	1	666	0.0	1214
chrVII_YJM978:417351-419588_714..1379(+)	REF_PRM9	85.714	329	43	2	290	618	312	636	1.93e-97	344
chrVII_YJM978:417351-419588_714..1379(+)	REF_PRM8	82.008	239	41	2	288	525	312	549	1.23e-54	202
chrVII_YJM978:417351-419588_714..1379(+)	DFP23	81.743	241	44	0	285	525	309	549	1.23e-54	202
chrVII_YJM978:417351-419588_714..1379(+)	DFP17	81.328	241	45	0	285	525	306	546	5.73e-53	196
chrVII_YJM978:417351-419588_714..1379(+)	DFP16	81.328	241	45	0	285	525	309	549	5.73e-53	196
chrVII_YJM978:417352-419406_713..1378(+)	DFP19	99.550	666	3	0	1	666	1	666	0.0	1214
chrVII_YJM978:417352-419406_713..1378(+)	REF_PRM9	85.714	329	43	2	290	618	312	636	1.93e-97	344
chrVII_YJM978:417352-419406_713..1378(+)	REF_PRM8	82.008	239	41	2	288	525	312	549	1.23e-54	202
chrVII_YJM978:417352-419406_713..1378(+)	DFP23	81.743	241	44	0	285	525	309	549	1.23e-54	202
chrVII_YJM978:417352-419406_713..1378(+)	DFP17	81.328	241	45	0	285	525	306	546	5.73e-53	196
chrVII_YJM978:417352-419406_713..1378(+)	DFP16	81.328	241	45	0	285	525	309	549	5.73e-53	196
chrVII_YJM978:417352-419468_713..1378(+)	DFP19	99.550	666	3	0	1	666	1	666	0.0	1214
chrVII_YJM978:417352-419468_713..1378(+)	REF_PRM9	85.714	329	43	2	290	618	312	636	1.93e-97	344
chrVII_YJM978:417352-419468_713..1378(+)	REF_PRM8	82.008	239	41	2	288	525	312	549	1.23e-54	202
chrVII_YJM978:417352-419468_713..1378(+)	DFP23	81.743	241	44	0	285	525	309	549	1.23e-54	202
chrVII_YJM978:417352-419468_713..1378(+)	DFP17	81.328	241	45	0	285	525	306	546	5.73e-53	196
chrVII_YJM978:417352-419468_713..1378(+)	DFP16	81.328	241	45	0	285	525	309	549	5.73e-53	196
chrVII_YJM978:417352-419506_713..1378(+)	DFP19	99.550	666	3	0	1	666	1	666	0.0	1214
chrVII_YJM978:417352-419506_713..1378(+)	REF_PRM9	85.714	329	43	2	290	618	312	636	1.93e-97	344
chrVII_YJM978:417352-419506_713..1378(+)	REF_PRM8	82.008	239	41	2	288	525	312	549	1.23e-54	202
chrVII_YJM978:417352-419506_713..1378(+)	DFP23	81.743	241	44	0	285	525	309	549	1.23e-54	202
chrVII_YJM978:417352-419506_713..1378(+)	DFP17	81.328	241	45	0	285	525	306	546	5.73e-53	196
chrVII_YJM978:417352-419506_713..1378(+)	DFP16	81.328	241	45	0	285	525	309	549	5.73e-53	196
chrVII_YJM978:417353-419588_712..1377(+)	DFP19	99.550	666	3	0	1	666	1	666	0.0	1214
chrVII_YJM978:417353-419588_712..1377(+)	REF_PRM9	85.714	329	43	2	290	618	312	636	1.93e-97	344
chrVII_YJM978:417353-419588_712..1377(+)	REF_PRM8	82.008	239	41	2	288	525	312	549	1.23e-54	202
chrVII_YJM978:417353-419588_712..1377(+)	DFP23	81.743	241	44	0	285	525	309	549	1.23e-54	202
chrVII_YJM978:417353-419588_712..1377(+)	DFP17	81.328	241	45	0	285	525	306	546	5.73e-53	196
chrVII_YJM978:417353-419588_712..1377(+)	DFP16	81.328	241	45	0	285	525	309	549	5.73e-53	196
chrVII_YJM978:417354-419488_711..1376(+)	DFP19	99.550	666	3	0	1	666	1	666	0.0	1214
chrVII_YJM978:417354-419488_711..1376(+)	REF_PRM9	85.714	329	43	2	290	618	312	636	1.93e-97	344
chrVII_YJM978:417354-419488_711..1376(+)	REF_PRM8	82.008	239	41	2	288	525	312	549	1.23e-54	202
chrVII_YJM978:417354-419488_711..1376(+)	DFP23	81.743	241	44	0	285	525	309	549	1.23e-54	202
chrVII_YJM978:417354-419488_711..1376(+)	DFP17	81.328	241	45	0	285	525	306	546	5.73e-53	196
chrVII_YJM978:417354-419488_711..1376(+)	DFP16	81.328	241	45	0	285	525	309	549	5.73e-53	196
chrVII_YJM978:417365-419532_700..1365(+)	DFP19	99.550	666	3	0	1	666	1	666	0.0	1214
chrVII_YJM978:417365-419532_700..1365(+)	REF_PRM9	85.714	329	43	2	290	618	312	636	1.93e-97	344
chrVII_YJM978:417365-419532_700..1365(+)	REF_PRM8	82.008	239	41	2	288	525	312	549	1.23e-54	202
chrVII_YJM978:417365-419532_700..1365(+)	DFP23	81.743	241	44	0	285	525	309	549	1.23e-54	202
chrVII_YJM978:417365-419532_700..1365(+)	DFP17	81.328	241	45	0	285	525	306	546	5.73e-53	196
chrVII_YJM978:417365-419532_700..1365(+)	DFP16	81.328	241	45	0	285	525	309	549	5.73e-53	196
chrVII_YJM978:417406-419487_659..1324(+)	DFP19	99.550	666	3	0	1	666	1	666	0.0	1214
chrVII_YJM978:417406-419487_659..1324(+)	REF_PRM9	85.714	329	43	2	290	618	312	636	1.93e-97	344
chrVII_YJM978:417406-419487_659..1324(+)	REF_PRM8	82.008	239	41	2	288	525	312	549	1.23e-54	202
chrVII_YJM978:417406-419487_659..1324(+)	DFP23	81.743	241	44	0	285	525	309	549	1.23e-54	202
chrVII_YJM978:417406-419487_659..1324(+)	DFP17	81.328	241	45	0	285	525	306	546	5.73e-53	196
chrVII_YJM978:417406-419487_659..1324(+)	DFP16	81.328	241	45	0	285	525	309	549	5.73e-53	196
chrVII_YJM978:417407-419506_658..1323(+)	DFP19	99.550	666	3	0	1	666	1	666	0.0	1214
chrVII_YJM978:417407-419506_658..1323(+)	REF_PRM9	85.714	329	43	2	290	618	312	636	1.93e-97	344
chrVII_YJM978:417407-419506_658..1323(+)	REF_PRM8	82.008	239	41	2	288	525	312	549	1.23e-54	202
chrVII_YJM978:417407-419506_658..1323(+)	DFP23	81.743	241	44	0	285	525	309	549	1.23e-54	202
chrVII_YJM978:417407-419506_658..1323(+)	DFP17	81.328	241	45	0	285	525	306	546	5.73e-53	196
chrVII_YJM978:417407-419506_658..1323(+)	DFP16	81.328	241	45	0	285	525	309	549	5.73e-53	196
chrVII_YJM978:417449-419550_616..1281(+)	DFP19	99.550	666	3	0	1	666	1	666	0.0	1214
chrVII_YJM978:417449-419550_616..1281(+)	REF_PRM9	85.714	329	43	2	290	618	312	636	1.93e-97	344
chrVII_YJM978:417449-419550_616..1281(+)	REF_PRM8	82.008	239	41	2	288	525	312	549	1.23e-54	202
chrVII_YJM978:417449-419550_616..1281(+)	DFP23	81.743	241	44	0	285	525	309	549	1.23e-54	202
chrVII_YJM978:417449-419550_616..1281(+)	DFP17	81.328	241	45	0	285	525	306	546	5.73e-53	196
chrVII_YJM978:417449-419550_616..1281(+)	DFP16	81.328	241	45	0	285	525	309	549	5.73e-53	196
chrVII_YJM978:417602-419698_463..1128(+)	DFP19	99.550	666	3	0	1	666	1	666	0.0	1214
chrVII_YJM978:417602-419698_463..1128(+)	REF_PRM9	85.714	329	43	2	290	618	312	636	1.93e-97	344
chrVII_YJM978:417602-419698_463..1128(+)	REF_PRM8	82.008	239	41	2	288	525	312	549	1.23e-54	202
chrVII_YJM978:417602-419698_463..1128(+)	DFP23	81.743	241	44	0	285	525	309	549	1.23e-54	202
chrVII_YJM978:417602-419698_463..1128(+)	DFP17	81.328	241	45	0	285	525	306	546	5.73e-53	196
chrVII_YJM978:417602-419698_463..1128(+)	DFP16	81.328	241	45	0	285	525	309	549	5.73e-53	196
chrVII_YJM978:417602-419700_463..1128(+)	DFP19	99.550	666	3	0	1	666	1	666	0.0	1214
chrVII_YJM978:417602-419700_463..1128(+)	REF_PRM9	85.714	329	43	2	290	618	312	636	1.93e-97	344
chrVII_YJM978:417602-419700_463..1128(+)	REF_PRM8	82.008	239	41	2	288	525	312	549	1.23e-54	202
chrVII_YJM978:417602-419700_463..1128(+)	DFP23	81.743	241	44	0	285	525	309	549	1.23e-54	202
chrVII_YJM978:417602-419700_463..1128(+)	DFP17	81.328	241	45	0	285	525	306	546	5.73e-53	196
chrVII_YJM978:417602-419700_463..1128(+)	DFP16	81.328	241	45	0	285	525	309	549	5.73e-53	196
chrVII_YJM978:417603-419695_462..1127(+)	DFP19	99.550	666	3	0	1	666	1	666	0.0	1214
chrVII_YJM978:417603-419695_462..1127(+)	REF_PRM9	85.714	329	43	2	290	618	312	636	1.93e-97	344
chrVII_YJM978:417603-419695_462..1127(+)	REF_PRM8	82.008	239	41	2	288	525	312	549	1.23e-54	202
chrVII_YJM978:417603-419695_462..1127(+)	DFP23	81.743	241	44	0	285	525	309	549	1.23e-54	202
chrVII_YJM978:417603-419695_462..1127(+)	DFP17	81.328	241	45	0	285	525	306	546	5.73e-53	196
chrVII_YJM978:417603-419695_462..1127(+)	DFP16	81.328	241	45	0	285	525	309	549	5.73e-53	196
chrVII_YJM978:417603-419698_462..1127(+)	DFP19	99.550	666	3	0	1	666	1	666	0.0	1214
chrVII_YJM978:417603-419698_462..1127(+)	REF_PRM9	85.714	329	43	2	290	618	312	636	1.93e-97	344
chrVII_YJM978:417603-419698_462..1127(+)	REF_PRM8	82.008	239	41	2	288	525	312	549	1.23e-54	202
chrVII_YJM978:417603-419698_462..1127(+)	DFP23	81.743	241	44	0	285	525	309	549	1.23e-54	202
chrVII_YJM978:417603-419698_462..1127(+)	DFP17	81.328	241	45	0	285	525	306	546	5.73e-53	196
chrVII_YJM978:417603-419698_462..1127(+)	DFP16	81.328	241	45	0	285	525	309	549	5.73e-53	196
chrVII_YJM978:417650-419686_415..1080(+)	DFP19	99.550	666	3	0	1	666	1	666	0.0	1214
chrVII_YJM978:417650-419686_415..1080(+)	REF_PRM9	85.714	329	43	2	290	618	312	636	1.93e-97	344
chrVII_YJM978:417650-419686_415..1080(+)	REF_PRM8	82.008	239	41	2	288	525	312	549	1.23e-54	202
chrVII_YJM978:417650-419686_415..1080(+)	DFP23	81.743	241	44	0	285	525	309	549	1.23e-54	202
chrVII_YJM978:417650-419686_415..1080(+)	DFP17	81.328	241	45	0	285	525	306	546	5.73e-53	196
chrVII_YJM978:417650-419686_415..1080(+)	DFP16	81.328	241	45	0	285	525	309	549	5.73e-53	196
chrVII_YJM978:417651-419680_414..1079(+)	DFP19	99.550	666	3	0	1	666	1	666	0.0	1214
chrVII_YJM978:417651-419680_414..1079(+)	REF_PRM9	85.714	329	43	2	290	618	312	636	1.93e-97	344
chrVII_YJM978:417651-419680_414..1079(+)	REF_PRM8	82.008	239	41	2	288	525	312	549	1.23e-54	202
chrVII_YJM978:417651-419680_414..1079(+)	DFP23	81.743	241	44	0	285	525	309	549	1.23e-54	202
chrVII_YJM978:417651-419680_414..1079(+)	DFP17	81.328	241	45	0	285	525	306	546	5.73e-53	196
chrVII_YJM978:417651-419680_414..1079(+)	DFP16	81.328	241	45	0	285	525	309	549	5.73e-53	196
chrVII_YJM978:417651-419694_414..1079(+)	DFP19	99.550	666	3	0	1	666	1	666	0.0	1214
chrVII_YJM978:417651-419694_414..1079(+)	REF_PRM9	85.714	329	43	2	290	618	312	636	1.93e-97	344
chrVII_YJM978:417651-419694_414..1079(+)	REF_PRM8	82.008	239	41	2	288	525	312	549	1.23e-54	202
chrVII_YJM978:417651-419694_414..1079(+)	DFP23	81.743	241	44	0	285	525	309	549	1.23e-54	202
chrVII_YJM978:417651-419694_414..1079(+)	DFP17	81.328	241	45	0	285	525	306	546	5.73e-53	196
chrVII_YJM978:417651-419694_414..1079(+)	DFP16	81.328	241	45	0	285	525	309	549	5.73e-53	196
chrVII_YJM978:417651-419700_414..1079(+)	DFP19	99.550	666	3	0	1	666	1	666	0.0	1214
chrVII_YJM978:417651-419700_414..1079(+)	REF_PRM9	85.714	329	43	2	290	618	312	636	1.93e-97	344
chrVII_YJM978:417651-419700_414..1079(+)	REF_PRM8	82.008	239	41	2	288	525	312	549	1.23e-54	202
chrVII_YJM978:417651-419700_414..1079(+)	DFP23	81.743	241	44	0	285	525	309	549	1.23e-54	202
chrVII_YJM978:417651-419700_414..1079(+)	DFP17	81.328	241	45	0	285	525	306	546	5.73e-53	196
chrVII_YJM978:417651-419700_414..1079(+)	DFP16	81.328	241	45	0	285	525	309	549	5.73e-53	196
